#
# There is insufficient memory for the Java Runtime Environment to continue.
# Native memory allocation (malloc) failed to allocate 1624976 bytes for Chunk::new
# Possible reasons:
#   The system is out of physical RAM or swap space
#   The process is running with CompressedOops enabled, and the Java Heap may be blocking the growth of the native heap
# Possible solutions:
#   Reduce memory load on the system
#   Increase physical memory or swap space
#   Check if swap backing store is full
#   Decrease Java heap size (-Xmx/-Xms)
#   Decrease number of Java threads
#   Decrease Java thread stack sizes (-Xss)
#   Set larger code cache with -XX:ReservedCodeCacheSize=
#   JVM is running with Unscaled Compressed Oops mode in which the Java heap is
#     placed in the first 4GB address space. The Java Heap base address is the
#     maximum limit for the native heap growth. Please use -XX:HeapBaseMinAddress
#     to set the Java Heap base and to place the Java Heap above 4GB virtual address.
# This output file may be truncated or incomplete.
#
#  Out of Memory Error (./src/hotspot/share/memory/arena.cpp:197), pid=15644, tid=4784
#
# JRE version: OpenJDK Runtime Environment (11.0.11+9) (build 11.0.11+9-b60-7590822)
# Java VM: OpenJDK 64-Bit Server VM (11.0.11+9-b60-7590822, mixed mode, tiered, compressed oops, g1 gc, windows-amd64)
# No core dump will be written. Minidumps are not enabled by default on client versions of Windows
#

---------------  S U M M A R Y ------------

Command Line: --add-opens=java.base/java.util=ALL-UNNAMED --add-opens=java.base/java.lang=ALL-UNNAMED --add-opens=java.base/java.lang.invoke=ALL-UNNAMED --add-opens=java.base/java.util=ALL-UNNAMED --add-opens=java.prefs/java.util.prefs=ALL-UNNAMED --add-opens=java.prefs/java.util.prefs=ALL-UNNAMED --add-opens=java.base/java.nio.charset=ALL-UNNAMED --add-opens=java.base/java.net=ALL-UNNAMED --add-opens=java.base/java.util.concurrent.atomic=ALL-UNNAMED -Xmx2048m -Dfile.encoding=UTF-8 -Duser.country=US -Duser.language=en -Duser.variant org.gradle.launcher.daemon.bootstrap.GradleDaemon 7.0.2

Host: Intel(R) Core(TM) i3-8100 CPU @ 3.60GHz, 2 cores, 14G,  Windows 10 , 64 bit Build 19041 (10.0.19041.1645)
Time: Tue Apr 26 22:34:34 2022 Malay Peninsula Standard Time elapsed time: 33.552362 seconds (0d 0h 0m 33s)

---------------  T H R E A D  ---------------

Current thread (0x000001f842f46800):  JavaThread "C2 CompilerThread0" daemon [_thread_in_native, id=4784, stack(0x000000c831400000,0x000000c831500000)]


Current CompileTask:
C2:  33552 16485   !   4       java.io.ObjectOutputStream::writeOrdinaryObject (175 bytes)

Stack: [0x000000c831400000,0x000000c831500000]
Native frames: (J=compiled Java code, j=interpreted, Vv=VM code, C=native code)
V  [jvm.dll+0x5f214a]
V  [jvm.dll+0x726fb5]
V  [jvm.dll+0x7285cd]
V  [jvm.dll+0x728c83]
V  [jvm.dll+0x243278]
V  [jvm.dll+0xbc53c]
V  [jvm.dll+0xbca3c]
V  [jvm.dll+0x353e3b]
V  [jvm.dll+0x321893]
V  [jvm.dll+0x320d8a]
V  [jvm.dll+0x1fc1e2]
V  [jvm.dll+0x1fb3d4]
V  [jvm.dll+0x183d6c]
V  [jvm.dll+0x209a57]
V  [jvm.dll+0x2082a1]
V  [jvm.dll+0x6ef58f]
V  [jvm.dll+0x6e80b5]
V  [jvm.dll+0x5f1036]
C  [ucrtbase.dll+0x21bb2]
C  [KERNEL32.DLL+0x17034]
C  [ntdll.dll+0x52651]


---------------  P R O C E S S  ---------------

Threads class SMR info:
_java_thread_list=0x000001f8454fab20, length=48, elements={
0x000001f828dd9800, 0x000001f8426dc800, 0x000001f8426de800, 0x000001f842f3d800,
0x000001f842f42000, 0x000001f842f43800, 0x000001f842f46800, 0x000001f842f4d800,
0x000001f842f52000, 0x000001f843097000, 0x000001f843ae1000, 0x000001f844cba800,
0x000001f843b60800, 0x000001f843b61000, 0x000001f843c75800, 0x000001f844132800,
0x000001f843c8e000, 0x000001f843c8e800, 0x000001f8449f2800, 0x000001f844a10000,
0x000001f844a0c800, 0x000001f844a0e000, 0x000001f844a10800, 0x000001f844a0b000,
0x000001f844a0c000, 0x000001f844a0d800, 0x000001f844a0f000, 0x000001f844a11800,
0x000001f846dd8800, 0x000001f846dd9800, 0x000001f846ddc800, 0x000001f846ddd800,
0x000001f846ddb000, 0x000001f846dd8000, 0x000001f846de4000, 0x000001f846de2800,
0x000001f846dde800, 0x000001f846de5000, 0x000001f846ddf000, 0x000001f846de0000,
0x000001f846de6800, 0x000001f8473d2800, 0x000001f8473cf000, 0x000001f8473d3000,
0x000001f8473ce000, 0x000001f8473d0000, 0x000001f8473cc800, 0x000001f8473d4800
}

Java Threads: ( => current thread )
  0x000001f828dd9800 JavaThread "main" [_thread_blocked, id=10120, stack(0x000000c830800000,0x000000c830900000)]
  0x000001f8426dc800 JavaThread "Reference Handler" daemon [_thread_blocked, id=22112, stack(0x000000c830f00000,0x000000c831000000)]
  0x000001f8426de800 JavaThread "Finalizer" daemon [_thread_blocked, id=19440, stack(0x000000c831000000,0x000000c831100000)]
  0x000001f842f3d800 JavaThread "Signal Dispatcher" daemon [_thread_blocked, id=16288, stack(0x000000c831100000,0x000000c831200000)]
  0x000001f842f42000 JavaThread "Attach Listener" daemon [_thread_blocked, id=6380, stack(0x000000c831200000,0x000000c831300000)]
  0x000001f842f43800 JavaThread "Service Thread" daemon [_thread_blocked, id=4212, stack(0x000000c831300000,0x000000c831400000)]
=>0x000001f842f46800 JavaThread "C2 CompilerThread0" daemon [_thread_in_native, id=4784, stack(0x000000c831400000,0x000000c831500000)]
  0x000001f842f4d800 JavaThread "C1 CompilerThread0" daemon [_thread_blocked, id=2348, stack(0x000000c831500000,0x000000c831600000)]
  0x000001f842f52000 JavaThread "Sweeper thread" daemon [_thread_blocked, id=3908, stack(0x000000c831600000,0x000000c831700000)]
  0x000001f843097000 JavaThread "Common-Cleaner" daemon [_thread_blocked, id=6616, stack(0x000000c831700000,0x000000c831800000)]
  0x000001f843ae1000 JavaThread "Daemon health stats" [_thread_blocked, id=23112, stack(0x000000c831a00000,0x000000c831b00000)]
  0x000001f844cba800 JavaThread "Incoming local TCP Connector on port 63305" [_thread_in_native, id=4956, stack(0x000000c831b00000,0x000000c831c00000)]
  0x000001f843b60800 JavaThread "Daemon" [_thread_blocked, id=16884, stack(0x000000c831c00000,0x000000c831d00000)]
  0x000001f843b61000 JavaThread "Daemon periodic checks" [_thread_blocked, id=10048, stack(0x000000c831d00000,0x000000c831e00000)]
  0x000001f843c75800 JavaThread "Handler for socket connection from /127.0.0.1:63305 to /127.0.0.1:63306" [_thread_in_native, id=4528, stack(0x000000c831e00000,0x000000c831f00000)]
  0x000001f844132800 JavaThread "Cancel handler" [_thread_blocked, id=8896, stack(0x000000c831f00000,0x000000c832000000)]
  0x000001f843c8e000 JavaThread "Daemon worker" [_thread_in_Java, id=18144, stack(0x000000c832000000,0x000000c832100000)]
  0x000001f843c8e800 JavaThread "Asynchronous log dispatcher for DefaultDaemonConnection: socket connection from /127.0.0.1:63305 to /127.0.0.1:63306" [_thread_blocked, id=15472, stack(0x000000c832100000,0x000000c832200000)]
  0x000001f8449f2800 JavaThread "Stdin handler" [_thread_blocked, id=22544, stack(0x000000c832200000,0x000000c832300000)]
  0x000001f844a10000 JavaThread "Daemon client event forwarder" [_thread_blocked, id=1836, stack(0x000000c832300000,0x000000c832400000)]
  0x000001f844a0c800 JavaThread "Cache worker for file hash cache (C:\Users\Jaen\.gradle\caches\7.0.2\fileHashes)" [_thread_blocked, id=868, stack(0x000000c832400000,0x000000c832500000)]
  0x000001f844a0e000 JavaThread "File lock request listener" [_thread_in_native, id=3820, stack(0x000000c832500000,0x000000c832600000)]
  0x000001f844a10800 JavaThread "Cache worker for journal cache (C:\Users\Jaen\.gradle\caches\journal-1)" [_thread_blocked, id=18552, stack(0x000000c832600000,0x000000c832700000)]
  0x000001f844a0b000 JavaThread "Cache worker for file hash cache (C:\Users\Jaen\AndroidStudioProjects\Toyoda_WageCalculator\.gradle\7.0.2\fileHashes)" [_thread_blocked, id=17512, stack(0x000000c832700000,0x000000c832800000)]
  0x000001f844a0c000 JavaThread "File watcher server" daemon [_thread_in_native, id=6636, stack(0x000000c832800000,0x000000c832900000)]
  0x000001f844a0d800 JavaThread "File watcher consumer" daemon [_thread_blocked, id=14052, stack(0x000000c832900000,0x000000c832a00000)]
  0x000001f844a0f000 JavaThread "Cache worker for checksums cache (C:\Users\Jaen\AndroidStudioProjects\Toyoda_WageCalculator\.gradle\checksums)" [_thread_blocked, id=2112, stack(0x000000c832a00000,0x000000c832b00000)]
  0x000001f844a11800 JavaThread "Cache worker for cache directory md-supplier (C:\Users\Jaen\.gradle\caches\7.0.2\md-supplier)" [_thread_blocked, id=7120, stack(0x000000c832b00000,0x000000c832c00000)]
  0x000001f846dd8800 JavaThread "Cache worker for cache directory md-rule (C:\Users\Jaen\.gradle\caches\7.0.2\md-rule)" [_thread_blocked, id=7136, stack(0x000000c832c00000,0x000000c832d00000)]
  0x000001f846dd9800 JavaThread "Cache worker for execution history cache (C:\Users\Jaen\.gradle\caches\7.0.2\executionHistory)" [_thread_blocked, id=18744, stack(0x000000c832d00000,0x000000c832e00000)]
  0x000001f846ddc800 JavaThread "jar transforms" [_thread_blocked, id=14212, stack(0x000000c832e00000,0x000000c832f00000)]
  0x000001f846ddd800 JavaThread "jar transforms Thread 2" [_thread_blocked, id=17504, stack(0x000000c832f00000,0x000000c833000000)]
  0x000001f846ddb000 JavaThread "Cache worker for file content cache (C:\Users\Jaen\.gradle\caches\7.0.2\fileContent)" [_thread_blocked, id=12268, stack(0x000000c833000000,0x000000c833100000)]
  0x000001f846dd8000 JavaThread "Cache worker for dependencies-accessors (C:\Users\Jaen\AndroidStudioProjects\Toyoda_WageCalculator\.gradle\7.0.2\dependencies-accessors)" [_thread_blocked, id=7760, stack(0x000000c833100000,0x000000c833200000)]
  0x000001f846de4000 JavaThread "Cache worker for Build Output Cleanup Cache (C:\Users\Jaen\AndroidStudioProjects\Toyoda_WageCalculator\.gradle\buildOutputCleanup)" [_thread_blocked, id=18680, stack(0x000000c833200000,0x000000c833300000)]
  0x000001f846de2800 JavaThread "Build operations" [_thread_blocked, id=17708, stack(0x000000c833300000,0x000000c833400000)]
  0x000001f846dde800 JavaThread "Build operations Thread 2" [_thread_blocked, id=15692, stack(0x000000c833400000,0x000000c833500000)]
  0x000001f846de5000 JavaThread "Memory manager" [_thread_blocked, id=20064, stack(0x000000c833500000,0x000000c833600000)]
  0x000001f846ddf000 JavaThread "pool-3-thread-1" [_thread_blocked, id=16592, stack(0x000000c833700000,0x000000c833800000)]
  0x000001f846de0000 JavaThread "Cache worker for execution history cache (C:\Users\Jaen\AndroidStudioProjects\Toyoda_WageCalculator\.gradle\7.0.2\executionHistory)" [_thread_blocked, id=7772, stack(0x000000c833a00000,0x000000c833b00000)]
  0x000001f846de6800 JavaThread "WorkerExecutor Queue" [_thread_blocked, id=8688, stack(0x000000c833b00000,0x000000c833c00000)]
  0x000001f8473d2800 JavaThread "Cache worker for Java compile cache (C:\Users\Jaen\.gradle\caches\7.0.2\javaCompile)" [_thread_blocked, id=23544, stack(0x000000c834000000,0x000000c834100000)]
  0x000001f8473cf000 JavaThread "Cache worker for Java compile cache (C:\Users\Jaen\AndroidStudioProjects\Toyoda_WageCalculator\.gradle\7.0.2\javaCompile)" [_thread_blocked, id=10404, stack(0x000000c834100000,0x000000c834200000)]
  0x000001f8473d3000 JavaThread "WorkerExecutor Queue Thread 3" [_thread_blocked, id=14572, stack(0x000000c834200000,0x000000c834300000)]
  0x000001f8473ce000 JavaThread "WorkerExecutor Queue Thread 4" [_thread_blocked, id=10676, stack(0x000000c833c00000,0x000000c833d00000)]
  0x000001f8473d0000 JavaThread "ForkJoinPool.commonPool-worker-3" daemon [_thread_blocked, id=15544, stack(0x000000c834500000,0x000000c834600000)]
  0x000001f8473cc800 JavaThread "ForkJoinPool.commonPool-worker-1" daemon [_thread_blocked, id=21048, stack(0x000000c834600000,0x000000c834700000)]
  0x000001f8473d4800 JavaThread "pool-2-thread-1" [_thread_in_vm, id=17364, stack(0x000000c833600000,0x000000c833700000)]

Other Threads:
  0x000001f8426d9000 VMThread "VM Thread" [stack: 0x000000c830e00000,0x000000c830f00000] [id=2584]
  0x000001f8430b5800 WatcherThread [stack: 0x000000c831800000,0x000000c831900000] [id=17576]
  0x000001f828df2000 GCTaskThread "GC Thread#0" [stack: 0x000000c830900000,0x000000c830a00000] [id=12952]
  0x000001f8433ba800 GCTaskThread "GC Thread#1" [stack: 0x000000c831900000,0x000000c831a00000] [id=5840]
  0x000001f828e25800 ConcurrentGCThread "G1 Main Marker" [stack: 0x000000c830a00000,0x000000c830b00000] [id=13076]
  0x000001f828e27000 ConcurrentGCThread "G1 Conc#0" [stack: 0x000000c830b00000,0x000000c830c00000] [id=15948]
  0x000001f84252a800 ConcurrentGCThread "G1 Refine#0" [stack: 0x000000c830c00000,0x000000c830d00000] [id=5968]
  0x000001f84252b800 ConcurrentGCThread "G1 Young RemSet Sampling" [stack: 0x000000c830d00000,0x000000c830e00000] [id=20996]

Threads with active compile tasks:
C2 CompilerThread0  33594 16485   !   4       java.io.ObjectOutputStream::writeOrdinaryObject (175 bytes)

VM state:not at safepoint (normal execution)

VM Mutex/Monitor currently owned by a thread: None

Heap address: 0x0000000080000000, size: 2048 MB, Compressed Oops mode: 32-bit
Narrow klass base: 0x0000000000000000, Narrow klass shift: 3
Compressed class space size: 1073741824 Address: 0x0000000100000000

Heap:
 garbage-first heap   total 336896K, used 191076K [0x0000000080000000, 0x0000000100000000)
  region size 1024K, 93 young (95232K), 20 survivors (20480K)
 Metaspace       used 120773K, capacity 123758K, committed 123828K, reserved 1157120K
  class space    used 15174K, capacity 16320K, committed 16384K, reserved 1048576K
Heap Regions: E=young(eden), S=young(survivor), O=old, HS=humongous(starts), HC=humongous(continues), CS=collection set, F=free, A=archive, TAMS=top-at-mark-start (previous, next)
|   0|0x0000000080000000, 0x0000000080100000, 0x0000000080100000|100%|HS|  |TAMS 0x0000000080100000, 0x0000000080000000| Complete 
|   1|0x0000000080100000, 0x0000000080200000, 0x0000000080200000|100%|HC|  |TAMS 0x0000000080200000, 0x0000000080100000| Complete 
|   2|0x0000000080200000, 0x0000000080300000, 0x0000000080300000|100%|HC|  |TAMS 0x0000000080300000, 0x0000000080200000| Complete 
|   3|0x0000000080300000, 0x0000000080400000, 0x0000000080400000|100%| O|  |TAMS 0x0000000080400000, 0x0000000080300000| Untracked 
|   4|0x0000000080400000, 0x0000000080500000, 0x0000000080500000|100%| O|  |TAMS 0x0000000080500000, 0x0000000080400000| Untracked 
|   5|0x0000000080500000, 0x0000000080600000, 0x0000000080600000|100%| O|  |TAMS 0x0000000080600000, 0x0000000080500000| Untracked 
|   6|0x0000000080600000, 0x0000000080700000, 0x0000000080700000|100%| O|  |TAMS 0x0000000080700000, 0x0000000080600000| Untracked 
|   7|0x0000000080700000, 0x0000000080800000, 0x0000000080800000|100%| O|  |TAMS 0x0000000080800000, 0x0000000080700000| Untracked 
|   8|0x0000000080800000, 0x0000000080900000, 0x0000000080900000|100%| O|  |TAMS 0x0000000080900000, 0x0000000080800000| Untracked 
|   9|0x0000000080900000, 0x0000000080a00000, 0x0000000080a00000|100%| O|  |TAMS 0x0000000080a00000, 0x0000000080900000| Untracked 
|  10|0x0000000080a00000, 0x0000000080b00000, 0x0000000080b00000|100%| O|  |TAMS 0x0000000080b00000, 0x0000000080a00000| Untracked 
|  11|0x0000000080b00000, 0x0000000080c00000, 0x0000000080c00000|100%| O|  |TAMS 0x0000000080c00000, 0x0000000080b00000| Untracked 
|  12|0x0000000080c00000, 0x0000000080d00000, 0x0000000080d00000|100%| O|  |TAMS 0x0000000080d00000, 0x0000000080c00000| Untracked 
|  13|0x0000000080d00000, 0x0000000080e00000, 0x0000000080e00000|100%| O|  |TAMS 0x0000000080e00000, 0x0000000080d00000| Untracked 
|  14|0x0000000080e00000, 0x0000000080f00000, 0x0000000080f00000|100%| O|  |TAMS 0x0000000080f00000, 0x0000000080e00000| Untracked 
|  15|0x0000000080f00000, 0x0000000081000000, 0x0000000081000000|100%| O|  |TAMS 0x0000000081000000, 0x0000000080f00000| Untracked 
|  16|0x0000000081000000, 0x0000000081100000, 0x0000000081100000|100%| O|  |TAMS 0x0000000081100000, 0x0000000081000000| Untracked 
|  17|0x0000000081100000, 0x0000000081200000, 0x0000000081200000|100%|HS|  |TAMS 0x0000000081200000, 0x0000000081100000| Complete 
|  18|0x0000000081200000, 0x0000000081300000, 0x0000000081300000|100%|HS|  |TAMS 0x0000000081300000, 0x0000000081200000| Complete 
|  19|0x0000000081300000, 0x0000000081400000, 0x0000000081400000|100%| O|  |TAMS 0x0000000081400000, 0x0000000081300000| Untracked 
|  20|0x0000000081400000, 0x0000000081500000, 0x0000000081500000|100%|HS|  |TAMS 0x0000000081500000, 0x0000000081400000| Complete 
|  21|0x0000000081500000, 0x0000000081600000, 0x0000000081600000|100%|HC|  |TAMS 0x0000000081600000, 0x0000000081500000| Complete 
|  22|0x0000000081600000, 0x0000000081700000, 0x0000000081700000|100%| O|  |TAMS 0x0000000081700000, 0x0000000081600000| Untracked 
|  23|0x0000000081700000, 0x0000000081800000, 0x0000000081800000|100%| O|  |TAMS 0x0000000081800000, 0x0000000081700000| Untracked 
|  24|0x0000000081800000, 0x0000000081900000, 0x0000000081900000|100%| O|  |TAMS 0x0000000081900000, 0x0000000081800000| Untracked 
|  25|0x0000000081900000, 0x0000000081a00000, 0x0000000081a00000|100%| O|  |TAMS 0x0000000081a00000, 0x0000000081900000| Untracked 
|  26|0x0000000081a00000, 0x0000000081b00000, 0x0000000081b00000|100%| O|  |TAMS 0x0000000081b00000, 0x0000000081a00000| Untracked 
|  27|0x0000000081b00000, 0x0000000081c00000, 0x0000000081c00000|100%| O|  |TAMS 0x0000000081c00000, 0x0000000081b00000| Untracked 
|  28|0x0000000081c00000, 0x0000000081d00000, 0x0000000081d00000|100%| O|  |TAMS 0x0000000081d00000, 0x0000000081c00000| Untracked 
|  29|0x0000000081d00000, 0x0000000081e00000, 0x0000000081e00000|100%| O|  |TAMS 0x0000000081e00000, 0x0000000081d00000| Untracked 
|  30|0x0000000081e00000, 0x0000000081f00000, 0x0000000081f00000|100%| O|  |TAMS 0x0000000081f00000, 0x0000000081e00000| Untracked 
|  31|0x0000000081f00000, 0x0000000082000000, 0x0000000082000000|100%| O|  |TAMS 0x0000000082000000, 0x0000000081f00000| Untracked 
|  32|0x0000000082000000, 0x0000000082100000, 0x0000000082100000|100%| O|  |TAMS 0x0000000082100000, 0x0000000082000000| Untracked 
|  33|0x0000000082100000, 0x0000000082200000, 0x0000000082200000|100%| O|  |TAMS 0x0000000082200000, 0x0000000082100000| Untracked 
|  34|0x0000000082200000, 0x0000000082300000, 0x0000000082300000|100%| O|  |TAMS 0x0000000082300000, 0x0000000082200000| Untracked 
|  35|0x0000000082300000, 0x0000000082400000, 0x0000000082400000|100%| O|  |TAMS 0x0000000082400000, 0x0000000082300000| Untracked 
|  36|0x0000000082400000, 0x0000000082500000, 0x0000000082500000|100%| O|  |TAMS 0x0000000082500000, 0x0000000082400000| Untracked 
|  37|0x0000000082500000, 0x0000000082600000, 0x0000000082600000|100%| O|  |TAMS 0x0000000082600000, 0x0000000082500000| Untracked 
|  38|0x0000000082600000, 0x0000000082700000, 0x0000000082700000|100%| O|  |TAMS 0x0000000082700000, 0x0000000082600000| Untracked 
|  39|0x0000000082700000, 0x0000000082800000, 0x0000000082800000|100%| O|  |TAMS 0x0000000082800000, 0x0000000082700000| Untracked 
|  40|0x0000000082800000, 0x0000000082900000, 0x0000000082900000|100%| O|  |TAMS 0x0000000082900000, 0x0000000082800000| Untracked 
|  41|0x0000000082900000, 0x0000000082a00000, 0x0000000082a00000|100%| O|  |TAMS 0x0000000082a00000, 0x0000000082900000| Untracked 
|  42|0x0000000082a00000, 0x0000000082b00000, 0x0000000082b00000|100%| O|  |TAMS 0x0000000082b00000, 0x0000000082a00000| Untracked 
|  43|0x0000000082b00000, 0x0000000082c00000, 0x0000000082c00000|100%| O|  |TAMS 0x0000000082c00000, 0x0000000082b00000| Untracked 
|  44|0x0000000082c00000, 0x0000000082d00000, 0x0000000082d00000|100%| O|  |TAMS 0x0000000082d00000, 0x0000000082c00000| Untracked 
|  45|0x0000000082d00000, 0x0000000082e00000, 0x0000000082e00000|100%| O|  |TAMS 0x0000000082e00000, 0x0000000082d00000| Untracked 
|  46|0x0000000082e00000, 0x0000000082f00000, 0x0000000082f00000|100%| O|  |TAMS 0x0000000082f00000, 0x0000000082e00000| Untracked 
|  47|0x0000000082f00000, 0x0000000083000000, 0x0000000083000000|100%| O|  |TAMS 0x0000000083000000, 0x0000000082f00000| Untracked 
|  48|0x0000000083000000, 0x0000000083100000, 0x0000000083100000|100%| O|  |TAMS 0x0000000083100000, 0x0000000083000000| Untracked 
|  49|0x0000000083100000, 0x0000000083200000, 0x0000000083200000|100%| O|  |TAMS 0x0000000083200000, 0x0000000083100000| Untracked 
|  50|0x0000000083200000, 0x0000000083300000, 0x0000000083300000|100%| O|  |TAMS 0x0000000083300000, 0x0000000083200000| Untracked 
|  51|0x0000000083300000, 0x0000000083400000, 0x0000000083400000|100%| O|  |TAMS 0x0000000083400000, 0x0000000083300000| Untracked 
|  52|0x0000000083400000, 0x0000000083500000, 0x0000000083500000|100%| O|  |TAMS 0x0000000083500000, 0x0000000083400000| Untracked 
|  53|0x0000000083500000, 0x0000000083600000, 0x0000000083600000|100%| O|  |TAMS 0x0000000083600000, 0x0000000083500000| Untracked 
|  54|0x0000000083600000, 0x0000000083700000, 0x0000000083700000|100%|HS|  |TAMS 0x0000000083600000, 0x0000000083600000| Complete 
|  55|0x0000000083700000, 0x0000000083800000, 0x0000000083800000|100%| O|  |TAMS 0x0000000083800000, 0x0000000083700000| Untracked 
|  56|0x0000000083800000, 0x0000000083900000, 0x0000000083900000|100%|HS|  |TAMS 0x0000000083800000, 0x0000000083800000| Complete 
|  57|0x0000000083900000, 0x0000000083a00000, 0x0000000083a00000|100%| O|  |TAMS 0x0000000083a00000, 0x0000000083900000| Untracked 
|  58|0x0000000083a00000, 0x0000000083b00000, 0x0000000083b00000|100%|HS|  |TAMS 0x0000000083a00000, 0x0000000083a00000| Complete 
|  59|0x0000000083b00000, 0x0000000083c00000, 0x0000000083c00000|100%| O|  |TAMS 0x0000000083c00000, 0x0000000083b00000| Untracked 
|  60|0x0000000083c00000, 0x0000000083d00000, 0x0000000083d00000|100%|HS|  |TAMS 0x0000000083c00000, 0x0000000083c00000| Complete 
|  61|0x0000000083d00000, 0x0000000083e00000, 0x0000000083e00000|100%| O|  |TAMS 0x0000000083e00000, 0x0000000083d00000| Untracked 
|  62|0x0000000083e00000, 0x0000000083f00000, 0x0000000083f00000|100%|HS|  |TAMS 0x0000000083f00000, 0x0000000083e00000| Complete 
|  63|0x0000000083f00000, 0x0000000084000000, 0x0000000084000000|100%|HC|  |TAMS 0x0000000084000000, 0x0000000083f00000| Complete 
|  64|0x0000000084000000, 0x0000000084100000, 0x0000000084100000|100%| O|  |TAMS 0x0000000084100000, 0x0000000084000000| Untracked 
|  65|0x0000000084100000, 0x0000000084200000, 0x0000000084200000|100%|HS|  |TAMS 0x0000000084100000, 0x0000000084100000| Complete 
|  66|0x0000000084200000, 0x0000000084300000, 0x0000000084300000|100%|HC|  |TAMS 0x0000000084200000, 0x0000000084200000| Complete 
|  67|0x0000000084300000, 0x0000000084400000, 0x0000000084400000|100%| O|  |TAMS 0x0000000084400000, 0x0000000084300000| Untracked 
|  68|0x0000000084400000, 0x0000000084500000, 0x0000000084500000|100%| O|  |TAMS 0x0000000084500000, 0x0000000084400000| Untracked 
|  69|0x0000000084500000, 0x0000000084600000, 0x0000000084600000|100%| O|  |TAMS 0x0000000084600000, 0x0000000084500000| Untracked 
|  70|0x0000000084600000, 0x0000000084700000, 0x0000000084700000|100%| O|  |TAMS 0x0000000084700000, 0x0000000084600000| Untracked 
|  71|0x0000000084700000, 0x0000000084800000, 0x0000000084800000|100%| O|  |TAMS 0x0000000084800000, 0x0000000084700000| Untracked 
|  72|0x0000000084800000, 0x0000000084900000, 0x0000000084900000|100%|HS|  |TAMS 0x0000000084800000, 0x0000000084800000| Complete 
|  73|0x0000000084900000, 0x0000000084a00000, 0x0000000084a00000|100%|HS|  |TAMS 0x0000000084900000, 0x0000000084900000| Complete 
|  74|0x0000000084a00000, 0x0000000084b00000, 0x0000000084b00000|100%|HS|  |TAMS 0x0000000084a00000, 0x0000000084a00000| Complete 
|  75|0x0000000084b00000, 0x0000000084c00000, 0x0000000084c00000|100%|HC|  |TAMS 0x0000000084b00000, 0x0000000084b00000| Complete 
|  76|0x0000000084c00000, 0x0000000084d00000, 0x0000000084d00000|100%|HS|  |TAMS 0x0000000084c00000, 0x0000000084c00000| Complete 
|  77|0x0000000084d00000, 0x0000000084e00000, 0x0000000084e00000|100%| O|  |TAMS 0x0000000084e00000, 0x0000000084d00000| Untracked 
|  78|0x0000000084e00000, 0x0000000084f00000, 0x0000000084f00000|100%| O|  |TAMS 0x0000000084f00000, 0x0000000084e00000| Untracked 
|  79|0x0000000084f00000, 0x0000000085000000, 0x0000000085000000|100%| O|  |TAMS 0x0000000085000000, 0x0000000084f00000| Untracked 
|  80|0x0000000085000000, 0x0000000085100000, 0x0000000085100000|100%| O|  |TAMS 0x0000000085100000, 0x0000000085000000| Untracked 
|  81|0x0000000085100000, 0x0000000085200000, 0x0000000085200000|100%| O|  |TAMS 0x0000000085200000, 0x0000000085100000| Untracked 
|  82|0x0000000085200000, 0x0000000085300000, 0x0000000085300000|100%| O|  |TAMS 0x0000000085300000, 0x0000000085200000| Untracked 
|  83|0x0000000085300000, 0x0000000085400000, 0x0000000085400000|100%| O|  |TAMS 0x0000000085400000, 0x0000000085300000| Untracked 
|  84|0x0000000085400000, 0x0000000085500000, 0x0000000085500000|100%| O|  |TAMS 0x0000000085500000, 0x0000000085400000| Untracked 
|  85|0x0000000085500000, 0x0000000085600000, 0x0000000085600000|100%| O|  |TAMS 0x0000000085600000, 0x0000000085500000| Untracked 
|  86|0x0000000085600000, 0x0000000085700000, 0x0000000085700000|100%| O|  |TAMS 0x0000000085700000, 0x0000000085600000| Untracked 
|  87|0x0000000085700000, 0x0000000085800000, 0x0000000085800000|100%|HS|  |TAMS 0x0000000085700000, 0x0000000085700000| Complete 
|  88|0x0000000085800000, 0x0000000085900000, 0x0000000085900000|100%|HS|  |TAMS 0x0000000085800000, 0x0000000085800000| Complete 
|  89|0x0000000085900000, 0x0000000085a00000, 0x0000000085a00000|100%|HC|  |TAMS 0x0000000085900000, 0x0000000085900000| Complete 
|  90|0x0000000085a00000, 0x0000000085b00000, 0x0000000085b00000|100%|HS|  |TAMS 0x0000000085a00000, 0x0000000085a00000| Complete 
|  91|0x0000000085b00000, 0x0000000085c00000, 0x0000000085c00000|100%|HC|  |TAMS 0x0000000085b00000, 0x0000000085b00000| Complete 
|  92|0x0000000085c00000, 0x0000000085d00000, 0x0000000085d00000|100%|HS|  |TAMS 0x0000000085c00000, 0x0000000085c00000| Complete 
|  93|0x0000000085d00000, 0x0000000085e00000, 0x0000000085e00000|100%|HC|  |TAMS 0x0000000085d00000, 0x0000000085d00000| Complete 
|  94|0x0000000085e00000, 0x0000000085f00000, 0x0000000085f00000|100%|HS|  |TAMS 0x0000000085e00000, 0x0000000085e00000| Complete 
|  95|0x0000000085f00000, 0x0000000086000000, 0x0000000086000000|100%|HC|  |TAMS 0x0000000085f00000, 0x0000000085f00000| Complete 
|  96|0x0000000086000000, 0x0000000086000000, 0x0000000086100000|  0%| F|  |TAMS 0x0000000086000000, 0x0000000086000000| Untracked 
|  97|0x0000000086100000, 0x0000000086100000, 0x0000000086200000|  0%| F|  |TAMS 0x0000000086100000, 0x0000000086100000| Untracked 
|  98|0x0000000086200000, 0x0000000086200000, 0x0000000086300000|  0%| F|  |TAMS 0x0000000086200000, 0x0000000086200000| Untracked 
|  99|0x0000000086300000, 0x0000000086300000, 0x0000000086400000|  0%| F|  |TAMS 0x0000000086300000, 0x0000000086300000| Untracked 
| 100|0x0000000086400000, 0x0000000086400000, 0x0000000086500000|  0%| F|  |TAMS 0x0000000086400000, 0x0000000086400000| Untracked 
| 101|0x0000000086500000, 0x0000000086500000, 0x0000000086600000|  0%| F|  |TAMS 0x0000000086500000, 0x0000000086500000| Untracked 
| 102|0x0000000086600000, 0x0000000086600000, 0x0000000086700000|  0%| F|  |TAMS 0x0000000086600000, 0x0000000086600000| Untracked 
| 103|0x0000000086700000, 0x0000000086700000, 0x0000000086800000|  0%| F|  |TAMS 0x0000000086700000, 0x0000000086700000| Untracked 
| 104|0x0000000086800000, 0x0000000086800000, 0x0000000086900000|  0%| F|  |TAMS 0x0000000086800000, 0x0000000086800000| Untracked 
| 105|0x0000000086900000, 0x0000000086900000, 0x0000000086a00000|  0%| F|  |TAMS 0x0000000086900000, 0x0000000086900000| Untracked 
| 106|0x0000000086a00000, 0x0000000086a00000, 0x0000000086b00000|  0%| F|  |TAMS 0x0000000086a00000, 0x0000000086a00000| Untracked 
| 107|0x0000000086b00000, 0x0000000086b00000, 0x0000000086c00000|  0%| F|  |TAMS 0x0000000086b00000, 0x0000000086b00000| Untracked 
| 108|0x0000000086c00000, 0x0000000086c00000, 0x0000000086d00000|  0%| F|  |TAMS 0x0000000086c00000, 0x0000000086c00000| Untracked 
| 109|0x0000000086d00000, 0x0000000086d00000, 0x0000000086e00000|  0%| F|  |TAMS 0x0000000086d00000, 0x0000000086d00000| Untracked 
| 110|0x0000000086e00000, 0x0000000086e00000, 0x0000000086f00000|  0%| F|  |TAMS 0x0000000086e00000, 0x0000000086e00000| Untracked 
| 111|0x0000000086f00000, 0x0000000086f00000, 0x0000000087000000|  0%| F|  |TAMS 0x0000000086f00000, 0x0000000086f00000| Untracked 
| 112|0x0000000087000000, 0x0000000087000000, 0x0000000087100000|  0%| F|  |TAMS 0x0000000087000000, 0x0000000087000000| Untracked 
| 113|0x0000000087100000, 0x0000000087100000, 0x0000000087200000|  0%| F|  |TAMS 0x0000000087100000, 0x0000000087100000| Untracked 
| 114|0x0000000087200000, 0x0000000087200000, 0x0000000087300000|  0%| F|  |TAMS 0x0000000087200000, 0x0000000087200000| Untracked 
| 115|0x0000000087300000, 0x0000000087300000, 0x0000000087400000|  0%| F|  |TAMS 0x0000000087300000, 0x0000000087300000| Untracked 
| 116|0x0000000087400000, 0x0000000087400000, 0x0000000087500000|  0%| F|  |TAMS 0x0000000087400000, 0x0000000087400000| Untracked 
| 117|0x0000000087500000, 0x0000000087500000, 0x0000000087600000|  0%| F|  |TAMS 0x0000000087500000, 0x0000000087500000| Untracked 
| 118|0x0000000087600000, 0x0000000087600000, 0x0000000087700000|  0%| F|  |TAMS 0x0000000087600000, 0x0000000087600000| Untracked 
| 119|0x0000000087700000, 0x0000000087700000, 0x0000000087800000|  0%| F|  |TAMS 0x0000000087700000, 0x0000000087700000| Untracked 
| 120|0x0000000087800000, 0x0000000087800000, 0x0000000087900000|  0%| F|  |TAMS 0x0000000087800000, 0x0000000087800000| Untracked 
| 121|0x0000000087900000, 0x0000000087900000, 0x0000000087a00000|  0%| F|  |TAMS 0x0000000087900000, 0x0000000087900000| Untracked 
| 122|0x0000000087a00000, 0x0000000087a00000, 0x0000000087b00000|  0%| F|  |TAMS 0x0000000087a00000, 0x0000000087a00000| Untracked 
| 123|0x0000000087b00000, 0x0000000087b00000, 0x0000000087c00000|  0%| F|  |TAMS 0x0000000087b00000, 0x0000000087b00000| Untracked 
| 124|0x0000000087c00000, 0x0000000087c00000, 0x0000000087d00000|  0%| F|  |TAMS 0x0000000087c00000, 0x0000000087c00000| Untracked 
| 125|0x0000000087d00000, 0x0000000087d00000, 0x0000000087e00000|  0%| F|  |TAMS 0x0000000087d00000, 0x0000000087d00000| Untracked 
| 126|0x0000000087e00000, 0x0000000087e00000, 0x0000000087f00000|  0%| F|  |TAMS 0x0000000087e00000, 0x0000000087e00000| Untracked 
| 127|0x0000000087f00000, 0x0000000087f00000, 0x0000000088000000|  0%| F|  |TAMS 0x0000000087f00000, 0x0000000087f00000| Untracked 
| 128|0x0000000088000000, 0x0000000088000000, 0x0000000088100000|  0%| F|  |TAMS 0x0000000088000000, 0x0000000088000000| Untracked 
| 129|0x0000000088100000, 0x0000000088100000, 0x0000000088200000|  0%| F|  |TAMS 0x0000000088100000, 0x0000000088100000| Untracked 
| 130|0x0000000088200000, 0x0000000088200000, 0x0000000088300000|  0%| F|  |TAMS 0x0000000088200000, 0x0000000088200000| Untracked 
| 131|0x0000000088300000, 0x0000000088300000, 0x0000000088400000|  0%| F|  |TAMS 0x0000000088300000, 0x0000000088300000| Untracked 
| 132|0x0000000088400000, 0x0000000088400000, 0x0000000088500000|  0%| F|  |TAMS 0x0000000088400000, 0x0000000088400000| Untracked 
| 133|0x0000000088500000, 0x0000000088500000, 0x0000000088600000|  0%| F|  |TAMS 0x0000000088500000, 0x0000000088500000| Untracked 
| 134|0x0000000088600000, 0x0000000088600000, 0x0000000088700000|  0%| F|  |TAMS 0x0000000088600000, 0x0000000088600000| Untracked 
| 135|0x0000000088700000, 0x0000000088700000, 0x0000000088800000|  0%| F|  |TAMS 0x0000000088700000, 0x0000000088700000| Untracked 
| 136|0x0000000088800000, 0x0000000088800000, 0x0000000088900000|  0%| F|  |TAMS 0x0000000088800000, 0x0000000088800000| Untracked 
| 137|0x0000000088900000, 0x0000000088900000, 0x0000000088a00000|  0%| F|  |TAMS 0x0000000088900000, 0x0000000088900000| Untracked 
| 138|0x0000000088a00000, 0x0000000088a00000, 0x0000000088b00000|  0%| F|  |TAMS 0x0000000088a00000, 0x0000000088a00000| Untracked 
| 139|0x0000000088b00000, 0x0000000088b00000, 0x0000000088c00000|  0%| F|  |TAMS 0x0000000088b00000, 0x0000000088b00000| Untracked 
| 140|0x0000000088c00000, 0x0000000088c00000, 0x0000000088d00000|  0%| F|  |TAMS 0x0000000088c00000, 0x0000000088c00000| Untracked 
| 141|0x0000000088d00000, 0x0000000088d00000, 0x0000000088e00000|  0%| F|  |TAMS 0x0000000088d00000, 0x0000000088d00000| Untracked 
| 142|0x0000000088e00000, 0x0000000088e00000, 0x0000000088f00000|  0%| F|  |TAMS 0x0000000088e00000, 0x0000000088e00000| Untracked 
| 143|0x0000000088f00000, 0x0000000088f00000, 0x0000000089000000|  0%| F|  |TAMS 0x0000000088f00000, 0x0000000088f00000| Untracked 
| 144|0x0000000089000000, 0x0000000089000000, 0x0000000089100000|  0%| F|  |TAMS 0x0000000089000000, 0x0000000089000000| Untracked 
| 145|0x0000000089100000, 0x0000000089100000, 0x0000000089200000|  0%| F|  |TAMS 0x0000000089100000, 0x0000000089100000| Untracked 
| 146|0x0000000089200000, 0x0000000089299390, 0x0000000089300000| 59%| S|CS|TAMS 0x0000000089200000, 0x0000000089200000| Complete 
| 147|0x0000000089300000, 0x0000000089400000, 0x0000000089400000|100%| S|CS|TAMS 0x0000000089300000, 0x0000000089300000| Complete 
| 148|0x0000000089400000, 0x0000000089500000, 0x0000000089500000|100%| S|CS|TAMS 0x0000000089400000, 0x0000000089400000| Complete 
| 149|0x0000000089500000, 0x0000000089600000, 0x0000000089600000|100%| S|CS|TAMS 0x0000000089500000, 0x0000000089500000| Complete 
| 150|0x0000000089600000, 0x0000000089700000, 0x0000000089700000|100%| S|CS|TAMS 0x0000000089600000, 0x0000000089600000| Complete 
| 151|0x0000000089700000, 0x0000000089800000, 0x0000000089800000|100%| S|CS|TAMS 0x0000000089700000, 0x0000000089700000| Complete 
| 152|0x0000000089800000, 0x0000000089900000, 0x0000000089900000|100%| S|CS|TAMS 0x0000000089800000, 0x0000000089800000| Complete 
| 153|0x0000000089900000, 0x0000000089a00000, 0x0000000089a00000|100%| S|CS|TAMS 0x0000000089900000, 0x0000000089900000| Complete 
| 154|0x0000000089a00000, 0x0000000089b00000, 0x0000000089b00000|100%| S|CS|TAMS 0x0000000089a00000, 0x0000000089a00000| Complete 
| 155|0x0000000089b00000, 0x0000000089c00000, 0x0000000089c00000|100%| S|CS|TAMS 0x0000000089b00000, 0x0000000089b00000| Complete 
| 156|0x0000000089c00000, 0x0000000089d00000, 0x0000000089d00000|100%| S|CS|TAMS 0x0000000089c00000, 0x0000000089c00000| Complete 
| 157|0x0000000089d00000, 0x0000000089e00000, 0x0000000089e00000|100%| S|CS|TAMS 0x0000000089d00000, 0x0000000089d00000| Complete 
| 158|0x0000000089e00000, 0x0000000089f00000, 0x0000000089f00000|100%| S|CS|TAMS 0x0000000089e00000, 0x0000000089e00000| Complete 
| 159|0x0000000089f00000, 0x000000008a000000, 0x000000008a000000|100%| S|CS|TAMS 0x0000000089f00000, 0x0000000089f00000| Complete 
| 160|0x000000008a000000, 0x000000008a100000, 0x000000008a100000|100%| S|CS|TAMS 0x000000008a000000, 0x000000008a000000| Complete 
| 161|0x000000008a100000, 0x000000008a200000, 0x000000008a200000|100%| S|CS|TAMS 0x000000008a100000, 0x000000008a100000| Complete 
| 162|0x000000008a200000, 0x000000008a300000, 0x000000008a300000|100%| S|CS|TAMS 0x000000008a200000, 0x000000008a200000| Complete 
| 163|0x000000008a300000, 0x000000008a400000, 0x000000008a400000|100%| S|CS|TAMS 0x000000008a300000, 0x000000008a300000| Complete 
| 164|0x000000008a400000, 0x000000008a500000, 0x000000008a500000|100%| S|CS|TAMS 0x000000008a400000, 0x000000008a400000| Complete 
| 165|0x000000008a500000, 0x000000008a600000, 0x000000008a600000|100%| S|CS|TAMS 0x000000008a500000, 0x000000008a500000| Complete 
| 166|0x000000008a600000, 0x000000008a600000, 0x000000008a700000|  0%| F|  |TAMS 0x000000008a600000, 0x000000008a600000| Untracked 
| 167|0x000000008a700000, 0x000000008a700000, 0x000000008a800000|  0%| F|  |TAMS 0x000000008a700000, 0x000000008a700000| Untracked 
| 168|0x000000008a800000, 0x000000008a800000, 0x000000008a900000|  0%| F|  |TAMS 0x000000008a800000, 0x000000008a800000| Untracked 
| 169|0x000000008a900000, 0x000000008a900000, 0x000000008aa00000|  0%| F|  |TAMS 0x000000008a900000, 0x000000008a900000| Untracked 
| 170|0x000000008aa00000, 0x000000008aa00000, 0x000000008ab00000|  0%| F|  |TAMS 0x000000008aa00000, 0x000000008aa00000| Untracked 
| 171|0x000000008ab00000, 0x000000008ab00000, 0x000000008ac00000|  0%| F|  |TAMS 0x000000008ab00000, 0x000000008ab00000| Untracked 
| 172|0x000000008ac00000, 0x000000008ac00000, 0x000000008ad00000|  0%| F|  |TAMS 0x000000008ac00000, 0x000000008ac00000| Untracked 
| 173|0x000000008ad00000, 0x000000008ad00000, 0x000000008ae00000|  0%| F|  |TAMS 0x000000008ad00000, 0x000000008ad00000| Untracked 
| 174|0x000000008ae00000, 0x000000008ae00000, 0x000000008af00000|  0%| F|  |TAMS 0x000000008ae00000, 0x000000008ae00000| Untracked 
| 175|0x000000008af00000, 0x000000008af00000, 0x000000008b000000|  0%| F|  |TAMS 0x000000008af00000, 0x000000008af00000| Untracked 
| 176|0x000000008b000000, 0x000000008b000000, 0x000000008b100000|  0%| F|  |TAMS 0x000000008b000000, 0x000000008b000000| Untracked 
| 177|0x000000008b100000, 0x000000008b100000, 0x000000008b200000|  0%| F|  |TAMS 0x000000008b100000, 0x000000008b100000| Untracked 
| 178|0x000000008b200000, 0x000000008b200000, 0x000000008b300000|  0%| F|  |TAMS 0x000000008b200000, 0x000000008b200000| Untracked 
| 179|0x000000008b300000, 0x000000008b300000, 0x000000008b400000|  0%| F|  |TAMS 0x000000008b300000, 0x000000008b300000| Untracked 
| 180|0x000000008b400000, 0x000000008b400000, 0x000000008b500000|  0%| F|  |TAMS 0x000000008b400000, 0x000000008b400000| Untracked 
| 181|0x000000008b500000, 0x000000008b500000, 0x000000008b600000|  0%| F|  |TAMS 0x000000008b500000, 0x000000008b500000| Untracked 
| 182|0x000000008b600000, 0x000000008b600000, 0x000000008b700000|  0%| F|  |TAMS 0x000000008b600000, 0x000000008b600000| Untracked 
| 183|0x000000008b700000, 0x000000008b700000, 0x000000008b800000|  0%| F|  |TAMS 0x000000008b700000, 0x000000008b700000| Untracked 
| 184|0x000000008b800000, 0x000000008b800000, 0x000000008b900000|  0%| F|  |TAMS 0x000000008b800000, 0x000000008b800000| Untracked 
| 185|0x000000008b900000, 0x000000008b900000, 0x000000008ba00000|  0%| F|  |TAMS 0x000000008b900000, 0x000000008b900000| Untracked 
| 186|0x000000008ba00000, 0x000000008ba00000, 0x000000008bb00000|  0%| F|  |TAMS 0x000000008ba00000, 0x000000008ba00000| Untracked 
| 187|0x000000008bb00000, 0x000000008bb00000, 0x000000008bc00000|  0%| F|  |TAMS 0x000000008bb00000, 0x000000008bb00000| Untracked 
| 188|0x000000008bc00000, 0x000000008bc00000, 0x000000008bd00000|  0%| F|  |TAMS 0x000000008bc00000, 0x000000008bc00000| Untracked 
| 189|0x000000008bd00000, 0x000000008bd00000, 0x000000008be00000|  0%| F|  |TAMS 0x000000008bd00000, 0x000000008bd00000| Untracked 
| 190|0x000000008be00000, 0x000000008be00000, 0x000000008bf00000|  0%| F|  |TAMS 0x000000008be00000, 0x000000008be00000| Untracked 
| 191|0x000000008bf00000, 0x000000008bf00000, 0x000000008c000000|  0%| F|  |TAMS 0x000000008bf00000, 0x000000008bf00000| Untracked 
| 192|0x000000008c000000, 0x000000008c000000, 0x000000008c100000|  0%| F|  |TAMS 0x000000008c000000, 0x000000008c000000| Untracked 
| 193|0x000000008c100000, 0x000000008c100000, 0x000000008c200000|  0%| F|  |TAMS 0x000000008c100000, 0x000000008c100000| Untracked 
| 194|0x000000008c200000, 0x000000008c200000, 0x000000008c300000|  0%| F|  |TAMS 0x000000008c200000, 0x000000008c200000| Untracked 
| 195|0x000000008c300000, 0x000000008c300000, 0x000000008c400000|  0%| F|  |TAMS 0x000000008c300000, 0x000000008c300000| Untracked 
| 196|0x000000008c400000, 0x000000008c400000, 0x000000008c500000|  0%| F|  |TAMS 0x000000008c400000, 0x000000008c400000| Untracked 
| 197|0x000000008c500000, 0x000000008c500000, 0x000000008c600000|  0%| F|  |TAMS 0x000000008c500000, 0x000000008c500000| Untracked 
| 198|0x000000008c600000, 0x000000008c600000, 0x000000008c700000|  0%| F|  |TAMS 0x000000008c600000, 0x000000008c600000| Untracked 
| 199|0x000000008c700000, 0x000000008c700000, 0x000000008c800000|  0%| F|  |TAMS 0x000000008c700000, 0x000000008c700000| Untracked 
| 200|0x000000008c800000, 0x000000008c800000, 0x000000008c900000|  0%| F|  |TAMS 0x000000008c800000, 0x000000008c800000| Untracked 
| 201|0x000000008c900000, 0x000000008c900000, 0x000000008ca00000|  0%| F|  |TAMS 0x000000008c900000, 0x000000008c900000| Untracked 
| 202|0x000000008ca00000, 0x000000008ca00000, 0x000000008cb00000|  0%| F|  |TAMS 0x000000008ca00000, 0x000000008ca00000| Untracked 
| 203|0x000000008cb00000, 0x000000008cb00000, 0x000000008cc00000|  0%| F|  |TAMS 0x000000008cb00000, 0x000000008cb00000| Untracked 
| 204|0x000000008cc00000, 0x000000008cc00000, 0x000000008cd00000|  0%| F|  |TAMS 0x000000008cc00000, 0x000000008cc00000| Untracked 
| 205|0x000000008cd00000, 0x000000008cd00000, 0x000000008ce00000|  0%| F|  |TAMS 0x000000008cd00000, 0x000000008cd00000| Untracked 
| 206|0x000000008ce00000, 0x000000008ce00000, 0x000000008cf00000|  0%| F|  |TAMS 0x000000008ce00000, 0x000000008ce00000| Untracked 
| 207|0x000000008cf00000, 0x000000008cf00000, 0x000000008d000000|  0%| F|  |TAMS 0x000000008cf00000, 0x000000008cf00000| Untracked 
| 208|0x000000008d000000, 0x000000008d000000, 0x000000008d100000|  0%| F|  |TAMS 0x000000008d000000, 0x000000008d000000| Untracked 
| 209|0x000000008d100000, 0x000000008d100000, 0x000000008d200000|  0%| F|  |TAMS 0x000000008d100000, 0x000000008d100000| Untracked 
| 210|0x000000008d200000, 0x000000008d200000, 0x000000008d300000|  0%| F|  |TAMS 0x000000008d200000, 0x000000008d200000| Untracked 
| 211|0x000000008d300000, 0x000000008d300000, 0x000000008d400000|  0%| F|  |TAMS 0x000000008d300000, 0x000000008d300000| Untracked 
| 212|0x000000008d400000, 0x000000008d400000, 0x000000008d500000|  0%| F|  |TAMS 0x000000008d400000, 0x000000008d400000| Untracked 
| 213|0x000000008d500000, 0x000000008d500000, 0x000000008d600000|  0%| F|  |TAMS 0x000000008d500000, 0x000000008d500000| Untracked 
| 214|0x000000008d600000, 0x000000008d600000, 0x000000008d700000|  0%| F|  |TAMS 0x000000008d600000, 0x000000008d600000| Untracked 
| 215|0x000000008d700000, 0x000000008d700000, 0x000000008d800000|  0%| F|  |TAMS 0x000000008d700000, 0x000000008d700000| Untracked 
| 216|0x000000008d800000, 0x000000008d800000, 0x000000008d900000|  0%| F|  |TAMS 0x000000008d800000, 0x000000008d800000| Untracked 
| 217|0x000000008d900000, 0x000000008d900000, 0x000000008da00000|  0%| F|  |TAMS 0x000000008d900000, 0x000000008d900000| Untracked 
| 218|0x000000008da00000, 0x000000008da00000, 0x000000008db00000|  0%| F|  |TAMS 0x000000008da00000, 0x000000008da00000| Untracked 
| 219|0x000000008db00000, 0x000000008db00000, 0x000000008dc00000|  0%| F|  |TAMS 0x000000008db00000, 0x000000008db00000| Untracked 
| 220|0x000000008dc00000, 0x000000008dc00000, 0x000000008dd00000|  0%| F|  |TAMS 0x000000008dc00000, 0x000000008dc00000| Untracked 
| 221|0x000000008dd00000, 0x000000008dd00000, 0x000000008de00000|  0%| F|  |TAMS 0x000000008dd00000, 0x000000008dd00000| Untracked 
| 222|0x000000008de00000, 0x000000008de00000, 0x000000008df00000|  0%| F|  |TAMS 0x000000008de00000, 0x000000008de00000| Untracked 
| 223|0x000000008df00000, 0x000000008df00000, 0x000000008e000000|  0%| F|  |TAMS 0x000000008df00000, 0x000000008df00000| Untracked 
| 224|0x000000008e000000, 0x000000008e000000, 0x000000008e100000|  0%| F|  |TAMS 0x000000008e000000, 0x000000008e000000| Untracked 
| 225|0x000000008e100000, 0x000000008e100000, 0x000000008e200000|  0%| F|  |TAMS 0x000000008e100000, 0x000000008e100000| Untracked 
| 226|0x000000008e200000, 0x000000008e200000, 0x000000008e300000|  0%| F|  |TAMS 0x000000008e200000, 0x000000008e200000| Untracked 
| 227|0x000000008e300000, 0x000000008e300000, 0x000000008e400000|  0%| F|  |TAMS 0x000000008e300000, 0x000000008e300000| Untracked 
| 228|0x000000008e400000, 0x000000008e400000, 0x000000008e500000|  0%| F|  |TAMS 0x000000008e400000, 0x000000008e400000| Untracked 
| 229|0x000000008e500000, 0x000000008e500000, 0x000000008e600000|  0%| F|  |TAMS 0x000000008e500000, 0x000000008e500000| Untracked 
| 230|0x000000008e600000, 0x000000008e600000, 0x000000008e700000|  0%| F|  |TAMS 0x000000008e600000, 0x000000008e600000| Untracked 
| 231|0x000000008e700000, 0x000000008e700000, 0x000000008e800000|  0%| F|  |TAMS 0x000000008e700000, 0x000000008e700000| Untracked 
| 232|0x000000008e800000, 0x000000008e800000, 0x000000008e900000|  0%| F|  |TAMS 0x000000008e800000, 0x000000008e800000| Untracked 
| 233|0x000000008e900000, 0x000000008e900000, 0x000000008ea00000|  0%| F|  |TAMS 0x000000008e900000, 0x000000008e900000| Untracked 
| 234|0x000000008ea00000, 0x000000008ea00000, 0x000000008eb00000|  0%| F|  |TAMS 0x000000008ea00000, 0x000000008ea00000| Untracked 
| 235|0x000000008eb00000, 0x000000008eb00000, 0x000000008ec00000|  0%| F|  |TAMS 0x000000008eb00000, 0x000000008eb00000| Untracked 
| 236|0x000000008ec00000, 0x000000008ec00000, 0x000000008ed00000|  0%| F|  |TAMS 0x000000008ec00000, 0x000000008ec00000| Untracked 
| 237|0x000000008ed00000, 0x000000008ed00000, 0x000000008ee00000|  0%| F|  |TAMS 0x000000008ed00000, 0x000000008ed00000| Untracked 
| 238|0x000000008ee00000, 0x000000008ee00000, 0x000000008ef00000|  0%| F|  |TAMS 0x000000008ee00000, 0x000000008ee00000| Untracked 
| 239|0x000000008ef00000, 0x000000008ef00000, 0x000000008f000000|  0%| F|  |TAMS 0x000000008ef00000, 0x000000008ef00000| Untracked 
| 240|0x000000008f000000, 0x000000008f000000, 0x000000008f100000|  0%| F|  |TAMS 0x000000008f000000, 0x000000008f000000| Untracked 
| 241|0x000000008f100000, 0x000000008f100000, 0x000000008f200000|  0%| F|  |TAMS 0x000000008f100000, 0x000000008f100000| Untracked 
| 242|0x000000008f200000, 0x000000008f200000, 0x000000008f300000|  0%| F|  |TAMS 0x000000008f200000, 0x000000008f200000| Untracked 
| 243|0x000000008f300000, 0x000000008f300000, 0x000000008f400000|  0%| F|  |TAMS 0x000000008f300000, 0x000000008f300000| Untracked 
| 244|0x000000008f400000, 0x000000008f400000, 0x000000008f500000|  0%| F|  |TAMS 0x000000008f400000, 0x000000008f400000| Untracked 
| 245|0x000000008f500000, 0x000000008f500000, 0x000000008f600000|  0%| F|  |TAMS 0x000000008f500000, 0x000000008f500000| Untracked 
| 246|0x000000008f600000, 0x000000008f600000, 0x000000008f700000|  0%| F|  |TAMS 0x000000008f600000, 0x000000008f600000| Untracked 
| 247|0x000000008f700000, 0x000000008f700000, 0x000000008f800000|  0%| F|  |TAMS 0x000000008f700000, 0x000000008f700000| Untracked 
| 248|0x000000008f800000, 0x000000008f800000, 0x000000008f900000|  0%| F|  |TAMS 0x000000008f800000, 0x000000008f800000| Untracked 
| 249|0x000000008f900000, 0x000000008f900000, 0x000000008fa00000|  0%| F|  |TAMS 0x000000008f900000, 0x000000008f900000| Untracked 
| 250|0x000000008fa00000, 0x000000008fa00000, 0x000000008fb00000|  0%| F|  |TAMS 0x000000008fa00000, 0x000000008fa00000| Untracked 
| 251|0x000000008fb00000, 0x000000008fb00000, 0x000000008fc00000|  0%| F|  |TAMS 0x000000008fb00000, 0x000000008fb00000| Untracked 
| 252|0x000000008fc00000, 0x000000008fc00000, 0x000000008fd00000|  0%| F|  |TAMS 0x000000008fc00000, 0x000000008fc00000| Untracked 
| 253|0x000000008fd00000, 0x000000008fd00000, 0x000000008fe00000|  0%| F|  |TAMS 0x000000008fd00000, 0x000000008fd00000| Untracked 
| 254|0x000000008fe00000, 0x000000008fe00000, 0x000000008ff00000|  0%| F|  |TAMS 0x000000008fe00000, 0x000000008fe00000| Untracked 
| 255|0x000000008ff00000, 0x000000008ff00000, 0x0000000090000000|  0%| F|  |TAMS 0x000000008ff00000, 0x000000008ff00000| Untracked 
| 256|0x0000000090000000, 0x00000000900aa9e0, 0x0000000090100000| 66%| E|  |TAMS 0x0000000090000000, 0x0000000090000000| Complete 
| 257|0x0000000090100000, 0x0000000090200000, 0x0000000090200000|100%| E|CS|TAMS 0x0000000090100000, 0x0000000090100000| Complete 
| 258|0x0000000090200000, 0x0000000090300000, 0x0000000090300000|100%| E|CS|TAMS 0x0000000090200000, 0x0000000090200000| Complete 
| 259|0x0000000090300000, 0x0000000090400000, 0x0000000090400000|100%| E|CS|TAMS 0x0000000090300000, 0x0000000090300000| Complete 
| 260|0x0000000090400000, 0x0000000090500000, 0x0000000090500000|100%| E|CS|TAMS 0x0000000090400000, 0x0000000090400000| Complete 
| 261|0x0000000090500000, 0x0000000090600000, 0x0000000090600000|100%| E|CS|TAMS 0x0000000090500000, 0x0000000090500000| Complete 
| 262|0x0000000090600000, 0x0000000090700000, 0x0000000090700000|100%| E|CS|TAMS 0x0000000090600000, 0x0000000090600000| Complete 
| 263|0x0000000090700000, 0x0000000090800000, 0x0000000090800000|100%| E|  |TAMS 0x0000000090700000, 0x0000000090700000| Complete 
| 264|0x0000000090800000, 0x0000000090900000, 0x0000000090900000|100%| E|CS|TAMS 0x0000000090800000, 0x0000000090800000| Complete 
| 265|0x0000000090900000, 0x0000000090a00000, 0x0000000090a00000|100%| E|CS|TAMS 0x0000000090900000, 0x0000000090900000| Complete 
| 266|0x0000000090a00000, 0x0000000090b00000, 0x0000000090b00000|100%| E|CS|TAMS 0x0000000090a00000, 0x0000000090a00000| Complete 
| 267|0x0000000090b00000, 0x0000000090c00000, 0x0000000090c00000|100%| E|CS|TAMS 0x0000000090b00000, 0x0000000090b00000| Complete 
| 268|0x0000000090c00000, 0x0000000090d00000, 0x0000000090d00000|100%| E|CS|TAMS 0x0000000090c00000, 0x0000000090c00000| Complete 
| 269|0x0000000090d00000, 0x0000000090e00000, 0x0000000090e00000|100%| E|CS|TAMS 0x0000000090d00000, 0x0000000090d00000| Complete 
| 270|0x0000000090e00000, 0x0000000090f00000, 0x0000000090f00000|100%| E|CS|TAMS 0x0000000090e00000, 0x0000000090e00000| Complete 
| 271|0x0000000090f00000, 0x0000000091000000, 0x0000000091000000|100%| E|CS|TAMS 0x0000000090f00000, 0x0000000090f00000| Complete 
| 272|0x0000000091000000, 0x0000000091100000, 0x0000000091100000|100%| E|CS|TAMS 0x0000000091000000, 0x0000000091000000| Complete 
| 273|0x0000000091100000, 0x0000000091200000, 0x0000000091200000|100%| E|CS|TAMS 0x0000000091100000, 0x0000000091100000| Complete 
| 274|0x0000000091200000, 0x0000000091300000, 0x0000000091300000|100%| E|CS|TAMS 0x0000000091200000, 0x0000000091200000| Complete 
| 275|0x0000000091300000, 0x0000000091400000, 0x0000000091400000|100%| E|CS|TAMS 0x0000000091300000, 0x0000000091300000| Complete 
| 276|0x0000000091400000, 0x0000000091500000, 0x0000000091500000|100%| E|CS|TAMS 0x0000000091400000, 0x0000000091400000| Complete 
| 277|0x0000000091500000, 0x0000000091600000, 0x0000000091600000|100%| E|CS|TAMS 0x0000000091500000, 0x0000000091500000| Complete 
| 278|0x0000000091600000, 0x0000000091700000, 0x0000000091700000|100%| E|CS|TAMS 0x0000000091600000, 0x0000000091600000| Complete 
| 279|0x0000000091700000, 0x0000000091800000, 0x0000000091800000|100%| E|CS|TAMS 0x0000000091700000, 0x0000000091700000| Complete 
| 280|0x0000000091800000, 0x0000000091900000, 0x0000000091900000|100%| E|CS|TAMS 0x0000000091800000, 0x0000000091800000| Complete 
| 281|0x0000000091900000, 0x0000000091a00000, 0x0000000091a00000|100%| E|CS|TAMS 0x0000000091900000, 0x0000000091900000| Complete 
| 282|0x0000000091a00000, 0x0000000091b00000, 0x0000000091b00000|100%| E|CS|TAMS 0x0000000091a00000, 0x0000000091a00000| Complete 
| 283|0x0000000091b00000, 0x0000000091c00000, 0x0000000091c00000|100%| E|CS|TAMS 0x0000000091b00000, 0x0000000091b00000| Complete 
| 284|0x0000000091c00000, 0x0000000091d00000, 0x0000000091d00000|100%| E|CS|TAMS 0x0000000091c00000, 0x0000000091c00000| Complete 
| 285|0x0000000091d00000, 0x0000000091e00000, 0x0000000091e00000|100%| E|CS|TAMS 0x0000000091d00000, 0x0000000091d00000| Complete 
| 286|0x0000000091e00000, 0x0000000091f00000, 0x0000000091f00000|100%| E|CS|TAMS 0x0000000091e00000, 0x0000000091e00000| Complete 
| 287|0x0000000091f00000, 0x0000000092000000, 0x0000000092000000|100%| E|CS|TAMS 0x0000000091f00000, 0x0000000091f00000| Complete 
| 288|0x0000000092000000, 0x0000000092100000, 0x0000000092100000|100%| E|CS|TAMS 0x0000000092000000, 0x0000000092000000| Complete 
| 289|0x0000000092100000, 0x0000000092200000, 0x0000000092200000|100%| E|CS|TAMS 0x0000000092100000, 0x0000000092100000| Complete 
| 290|0x0000000092200000, 0x0000000092300000, 0x0000000092300000|100%| E|CS|TAMS 0x0000000092200000, 0x0000000092200000| Complete 
| 291|0x0000000092300000, 0x0000000092400000, 0x0000000092400000|100%| E|CS|TAMS 0x0000000092300000, 0x0000000092300000| Complete 
| 292|0x0000000092400000, 0x0000000092500000, 0x0000000092500000|100%| E|CS|TAMS 0x0000000092400000, 0x0000000092400000| Complete 
| 293|0x0000000092500000, 0x0000000092600000, 0x0000000092600000|100%| E|CS|TAMS 0x0000000092500000, 0x0000000092500000| Complete 
| 294|0x0000000092600000, 0x0000000092700000, 0x0000000092700000|100%| E|CS|TAMS 0x0000000092600000, 0x0000000092600000| Complete 
| 295|0x0000000092700000, 0x0000000092800000, 0x0000000092800000|100%| E|CS|TAMS 0x0000000092700000, 0x0000000092700000| Complete 
| 296|0x0000000092800000, 0x0000000092900000, 0x0000000092900000|100%| E|CS|TAMS 0x0000000092800000, 0x0000000092800000| Complete 
| 297|0x0000000092900000, 0x0000000092a00000, 0x0000000092a00000|100%| E|CS|TAMS 0x0000000092900000, 0x0000000092900000| Complete 
| 298|0x0000000092a00000, 0x0000000092b00000, 0x0000000092b00000|100%| E|CS|TAMS 0x0000000092a00000, 0x0000000092a00000| Complete 
| 299|0x0000000092b00000, 0x0000000092c00000, 0x0000000092c00000|100%| E|CS|TAMS 0x0000000092b00000, 0x0000000092b00000| Complete 
| 300|0x0000000092c00000, 0x0000000092d00000, 0x0000000092d00000|100%| E|CS|TAMS 0x0000000092c00000, 0x0000000092c00000| Complete 
| 301|0x0000000092d00000, 0x0000000092e00000, 0x0000000092e00000|100%| E|CS|TAMS 0x0000000092d00000, 0x0000000092d00000| Complete 
| 302|0x0000000092e00000, 0x0000000092f00000, 0x0000000092f00000|100%| E|CS|TAMS 0x0000000092e00000, 0x0000000092e00000| Complete 
| 303|0x0000000092f00000, 0x0000000093000000, 0x0000000093000000|100%| E|CS|TAMS 0x0000000092f00000, 0x0000000092f00000| Complete 
| 304|0x0000000093000000, 0x0000000093100000, 0x0000000093100000|100%| E|CS|TAMS 0x0000000093000000, 0x0000000093000000| Complete 
| 305|0x0000000093100000, 0x0000000093200000, 0x0000000093200000|100%| E|CS|TAMS 0x0000000093100000, 0x0000000093100000| Complete 
| 306|0x0000000093200000, 0x0000000093300000, 0x0000000093300000|100%| E|CS|TAMS 0x0000000093200000, 0x0000000093200000| Complete 
| 307|0x0000000093300000, 0x0000000093400000, 0x0000000093400000|100%| E|CS|TAMS 0x0000000093300000, 0x0000000093300000| Complete 
| 308|0x0000000093400000, 0x0000000093500000, 0x0000000093500000|100%| E|CS|TAMS 0x0000000093400000, 0x0000000093400000| Complete 
| 309|0x0000000093500000, 0x0000000093600000, 0x0000000093600000|100%| E|CS|TAMS 0x0000000093500000, 0x0000000093500000| Complete 
| 310|0x0000000093600000, 0x0000000093700000, 0x0000000093700000|100%| E|CS|TAMS 0x0000000093600000, 0x0000000093600000| Complete 
| 311|0x0000000093700000, 0x0000000093800000, 0x0000000093800000|100%| E|CS|TAMS 0x0000000093700000, 0x0000000093700000| Complete 
| 312|0x0000000093800000, 0x0000000093900000, 0x0000000093900000|100%| E|CS|TAMS 0x0000000093800000, 0x0000000093800000| Complete 
| 313|0x0000000093900000, 0x0000000093a00000, 0x0000000093a00000|100%| E|CS|TAMS 0x0000000093900000, 0x0000000093900000| Complete 
| 314|0x0000000093a00000, 0x0000000093b00000, 0x0000000093b00000|100%| E|CS|TAMS 0x0000000093a00000, 0x0000000093a00000| Complete 
| 315|0x0000000093b00000, 0x0000000093c00000, 0x0000000093c00000|100%| E|CS|TAMS 0x0000000093b00000, 0x0000000093b00000| Complete 
| 316|0x0000000093c00000, 0x0000000093d00000, 0x0000000093d00000|100%| E|CS|TAMS 0x0000000093c00000, 0x0000000093c00000| Complete 
| 317|0x0000000093d00000, 0x0000000093e00000, 0x0000000093e00000|100%| E|CS|TAMS 0x0000000093d00000, 0x0000000093d00000| Complete 
| 318|0x0000000093e00000, 0x0000000093f00000, 0x0000000093f00000|100%| E|CS|TAMS 0x0000000093e00000, 0x0000000093e00000| Complete 
| 319|0x0000000093f00000, 0x0000000094000000, 0x0000000094000000|100%| E|CS|TAMS 0x0000000093f00000, 0x0000000093f00000| Complete 
| 320|0x0000000094000000, 0x0000000094100000, 0x0000000094100000|100%| E|CS|TAMS 0x0000000094000000, 0x0000000094000000| Complete 
| 321|0x0000000094100000, 0x0000000094200000, 0x0000000094200000|100%| E|CS|TAMS 0x0000000094100000, 0x0000000094100000| Complete 
| 322|0x0000000094200000, 0x0000000094300000, 0x0000000094300000|100%| E|CS|TAMS 0x0000000094200000, 0x0000000094200000| Complete 
| 323|0x0000000094300000, 0x0000000094400000, 0x0000000094400000|100%| E|CS|TAMS 0x0000000094300000, 0x0000000094300000| Complete 
| 324|0x0000000094400000, 0x0000000094500000, 0x0000000094500000|100%| E|CS|TAMS 0x0000000094400000, 0x0000000094400000| Complete 
| 325|0x0000000094500000, 0x0000000094600000, 0x0000000094600000|100%| E|CS|TAMS 0x0000000094500000, 0x0000000094500000| Complete 
| 326|0x0000000094600000, 0x0000000094700000, 0x0000000094700000|100%| E|CS|TAMS 0x0000000094600000, 0x0000000094600000| Complete 
| 327|0x0000000094700000, 0x0000000094800000, 0x0000000094800000|100%| E|CS|TAMS 0x0000000094700000, 0x0000000094700000| Complete 
| 328|0x0000000094800000, 0x0000000094900000, 0x0000000094900000|100%| E|CS|TAMS 0x0000000094800000, 0x0000000094800000| Complete 

Card table byte_map: [0x000001f83bce0000,0x000001f83c0e0000] _byte_map_base: 0x000001f83b8e0000

Marking Bits (Prev, Next): (CMBitMap*) 0x000001f828e1ca10, (CMBitMap*) 0x000001f828e1c9d8
 Prev Bits: [0x000001f83e4e0000, 0x000001f8404e0000)
 Next Bits: [0x000001f83c4e0000, 0x000001f83e4e0000)

Polling page: 0x000001f8285c0000

Metaspace:

Usage:
  Non-class:    104.98 MB capacity,   103.22 MB ( 98%) used,     1.39 MB (  1%) free+waste,   380.50 KB ( <1%) overhead. 
      Class:     15.94 MB capacity,    14.83 MB ( 93%) used,   969.58 KB (  6%) free+waste,   167.69 KB (  1%) overhead. 
       Both:    120.92 MB capacity,   118.05 MB ( 98%) used,     2.33 MB (  2%) free+waste,   548.19 KB ( <1%) overhead. 

Virtual space:
  Non-class space:      106.00 MB reserved,     105.18 MB (>99%) committed 
      Class space:        1.00 GB reserved,      16.00 MB (  2%) committed 
             Both:        1.10 GB reserved,     121.18 MB ( 11%) committed 

Chunk freelists:
   Non-Class:  6.00 KB
       Class:  0 bytes
        Both:  6.00 KB

MaxMetaspaceSize: 17179869184.00 GB
CompressedClassSpaceSize: 1.00 GB

CodeHeap 'non-profiled nmethods': size=120064Kb used=9158Kb max_used=9158Kb free=110905Kb
 bounds [0x000001f8343a0000, 0x000001f834ca0000, 0x000001f83b8e0000]
CodeHeap 'profiled nmethods': size=120000Kb used=37919Kb max_used=37919Kb free=82080Kb
 bounds [0x000001f82ce70000, 0x000001f82f380000, 0x000001f8343a0000]
CodeHeap 'non-nmethods': size=5696Kb used=2349Kb max_used=2372Kb free=3346Kb
 bounds [0x000001f82c8e0000, 0x000001f82cb50000, 0x000001f82ce70000]
 total_blobs=17397 nmethods=16426 adapters=880
 compilation: enabled
              stopped_count=0, restarted_count=0
 full_count=0

Compilation events (20 events):
Event: 33.451 Thread 0x000001f842f46800 nmethod 16483 0x000001f834c8fa10 code [0x000001f834c8fc00, 0x000001f834c901b8]
Event: 33.451 Thread 0x000001f842f46800 16485   !   4       java.io.ObjectOutputStream::writeOrdinaryObject (175 bytes)
Event: 33.455 Thread 0x000001f842f4d800 16491       1       org.gradle.api.internal.project.DefaultProjectStateRegistry$ProjectStateImpl::getAccessLock (5 bytes)
Event: 33.455 Thread 0x000001f842f4d800 nmethod 16491 0x000001f834c90590 code [0x000001f834c90740, 0x000001f834c907f8]
Event: 33.456 Thread 0x000001f842f4d800 16492   !   3       org.gradle.launcher.daemon.server.SynchronizedDispatchConnection::dispatchAndFlush (118 bytes)
Event: 33.456 Thread 0x000001f842f4d800 nmethod 16492 0x000001f82f369d90 code [0x000001f82f36a080, 0x000001f82f36b148]
Event: 33.456 Thread 0x000001f842f4d800 16493       3       org.gradle.internal.serialize.Serializers$StatefulSerializerAdapter$2::write (18 bytes)
Event: 33.456 Thread 0x000001f842f4d800 nmethod 16493 0x000001f82f36b890 code [0x000001f82f36ba60, 0x000001f82f36bc48]
Event: 33.457 Thread 0x000001f842f4d800 16494       3       org.gradle.internal.remote.internal.inet.SocketConnection$SocketOutputStream::flush (18 bytes)
Event: 33.457 Thread 0x000001f842f4d800 nmethod 16494 0x000001f82f36bd90 code [0x000001f82f36bfa0, 0x000001f82f36c458]
Event: 33.461 Thread 0x000001f842f4d800 16495   !   3       java.nio.DirectByteBuffer::compact (99 bytes)
Event: 33.462 Thread 0x000001f842f4d800 nmethod 16495 0x000001f82f36c610 code [0x000001f82f36c840, 0x000001f82f36cee8]
Event: 33.462 Thread 0x000001f842f4d800 16496       3       java.io.ObjectOutputStream$HandleTable::growSpine (67 bytes)
Event: 33.462 Thread 0x000001f842f4d800 nmethod 16496 0x000001f82f36d210 code [0x000001f82f36d400, 0x000001f82f36d798]
Event: 33.472 Thread 0x000001f842f4d800 16497       1       sun.security.provider.DigestBase::engineGetDigestLength (5 bytes)
Event: 33.472 Thread 0x000001f842f4d800 nmethod 16497 0x000001f834c90890 code [0x000001f834c90a40, 0x000001f834c90af8]
Event: 33.474 Thread 0x000001f842f4d800 16498       3       org.gradle.api.internal.provider.ValidatingValueCollector::add (76 bytes)
Event: 33.475 Thread 0x000001f842f4d800 nmethod 16498 0x000001f82f36d910 code [0x000001f82f36dc40, 0x000001f82f36ef58]
Event: 33.482 Thread 0x000001f842f4d800 16500       1       sun.nio.fs.WindowsException::lastError (5 bytes)
Event: 33.482 Thread 0x000001f842f4d800 nmethod 16500 0x000001f834c90b90 code [0x000001f834c90d40, 0x000001f834c90df8]

GC Heap History (20 events):
Event: 5.385 GC heap before
{Heap before GC invocations=12 (full 0):
 garbage-first heap   total 233472K, used 105038K [0x0000000080000000, 0x0000000100000000)
  region size 1024K, 85 young (87040K), 6 survivors (6144K)
 Metaspace       used 41253K, capacity 42195K, committed 42492K, reserved 1085440K
  class space    used 5324K, capacity 5671K, committed 5760K, reserved 1048576K
}
Event: 5.401 GC heap after
{Heap after GC invocations=13 (full 0):
 garbage-first heap   total 233472K, used 27252K [0x0000000080000000, 0x0000000100000000)
  region size 1024K, 11 young (11264K), 11 survivors (11264K)
 Metaspace       used 41253K, capacity 42195K, committed 42492K, reserved 1085440K
  class space    used 5324K, capacity 5671K, committed 5760K, reserved 1048576K
}
Event: 8.622 GC heap before
{Heap before GC invocations=13 (full 0):
 garbage-first heap   total 233472K, used 126580K [0x0000000080000000, 0x0000000100000000)
  region size 1024K, 104 young (106496K), 11 survivors (11264K)
 Metaspace       used 47723K, capacity 48966K, committed 49148K, reserved 1091584K
  class space    used 6067K, capacity 6490K, committed 6528K, reserved 1048576K
}
Event: 8.645 GC heap after
{Heap after GC invocations=14 (full 0):
 garbage-first heap   total 280576K, used 39927K [0x0000000080000000, 0x0000000100000000)
  region size 1024K, 13 young (13312K), 13 survivors (13312K)
 Metaspace       used 47723K, capacity 48966K, committed 49148K, reserved 1091584K
  class space    used 6067K, capacity 6490K, committed 6528K, reserved 1048576K
}
Event: 10.264 GC heap before
{Heap before GC invocations=14 (full 0):
 garbage-first heap   total 280576K, used 112631K [0x0000000080000000, 0x0000000100000000)
  region size 1024K, 85 young (87040K), 13 survivors (13312K)
 Metaspace       used 58359K, capacity 59759K, committed 59940K, reserved 1101824K
  class space    used 7336K, capacity 7856K, committed 7936K, reserved 1048576K
}
Event: 10.281 GC heap after
{Heap after GC invocations=15 (full 0):
 garbage-first heap   total 280576K, used 43365K [0x0000000080000000, 0x0000000100000000)
  region size 1024K, 12 young (12288K), 12 survivors (12288K)
 Metaspace       used 58359K, capacity 59759K, committed 59940K, reserved 1101824K
  class space    used 7336K, capacity 7856K, committed 7936K, reserved 1048576K
}
Event: 11.678 GC heap before
{Heap before GC invocations=16 (full 0):
 garbage-first heap   total 280576K, used 162149K [0x0000000080000000, 0x0000000100000000)
  region size 1024K, 128 young (131072K), 12 survivors (12288K)
 Metaspace       used 69445K, capacity 71065K, committed 71332K, reserved 1112064K
  class space    used 8904K, capacity 9515K, committed 9600K, reserved 1048576K
}
Event: 11.704 GC heap after
{Heap after GC invocations=17 (full 0):
 garbage-first heap   total 280576K, used 53128K [0x0000000080000000, 0x0000000100000000)
  region size 1024K, 12 young (12288K), 12 survivors (12288K)
 Metaspace       used 69445K, capacity 71065K, committed 71332K, reserved 1112064K
  class space    used 8904K, capacity 9515K, committed 9600K, reserved 1048576K
}
Event: 14.002 GC heap before
{Heap before GC invocations=17 (full 0):
 garbage-first heap   total 280576K, used 184200K [0x0000000080000000, 0x0000000100000000)
  region size 1024K, 141 young (144384K), 12 survivors (12288K)
 Metaspace       used 81512K, capacity 83485K, committed 83748K, reserved 1122304K
  class space    used 10481K, capacity 11183K, committed 11264K, reserved 1048576K
}
Event: 14.036 GC heap after
{Heap after GC invocations=18 (full 0):
 garbage-first heap   total 280576K, used 63488K [0x0000000080000000, 0x0000000100000000)
  region size 1024K, 10 young (10240K), 10 survivors (10240K)
 Metaspace       used 81512K, capacity 83485K, committed 83748K, reserved 1122304K
  class space    used 10481K, capacity 11183K, committed 11264K, reserved 1048576K
}
Event: 16.014 GC heap before
{Heap before GC invocations=18 (full 0):
 garbage-first heap   total 280576K, used 219136K [0x0000000080000000, 0x0000000100000000)
  region size 1024K, 138 young (141312K), 10 survivors (10240K)
 Metaspace       used 83858K, capacity 85898K, committed 86052K, reserved 1124352K
  class space    used 10732K, capacity 11501K, committed 11520K, reserved 1048576K
}
Event: 16.050 GC heap after
{Heap after GC invocations=19 (full 0):
 garbage-first heap   total 280576K, used 82944K [0x0000000080000000, 0x0000000100000000)
  region size 1024K, 18 young (18432K), 18 survivors (18432K)
 Metaspace       used 83858K, capacity 85898K, committed 86052K, reserved 1124352K
  class space    used 10732K, capacity 11501K, committed 11520K, reserved 1048576K
}
Event: 20.113 GC heap before
{Heap before GC invocations=19 (full 0):
 garbage-first heap   total 280576K, used 198656K [0x0000000080000000, 0x0000000100000000)
  region size 1024K, 132 young (135168K), 18 survivors (18432K)
 Metaspace       used 89781K, capacity 91971K, committed 92196K, reserved 1130496K
  class space    used 11214K, capacity 11998K, committed 12032K, reserved 1048576K
}
Event: 20.139 GC heap after
{Heap after GC invocations=20 (full 0):
 garbage-first heap   total 336896K, used 85504K [0x0000000080000000, 0x0000000100000000)
  region size 1024K, 5 young (5120K), 5 survivors (5120K)
 Metaspace       used 89781K, capacity 91971K, committed 92196K, reserved 1130496K
  class space    used 11214K, capacity 11998K, committed 12032K, reserved 1048576K
}
Event: 24.498 GC heap before
{Heap before GC invocations=20 (full 0):
 garbage-first heap   total 336896K, used 226816K [0x0000000080000000, 0x0000000100000000)
  region size 1024K, 144 young (147456K), 5 survivors (5120K)
 Metaspace       used 94458K, capacity 96603K, committed 96804K, reserved 1134592K
  class space    used 11762K, capacity 12539K, committed 12544K, reserved 1048576K
}
Event: 24.515 GC heap after
{Heap after GC invocations=21 (full 0):
 garbage-first heap   total 336896K, used 92672K [0x0000000080000000, 0x0000000100000000)
  region size 1024K, 12 young (12288K), 12 survivors (12288K)
 Metaspace       used 94458K, capacity 96603K, committed 96804K, reserved 1134592K
  class space    used 11762K, capacity 12539K, committed 12544K, reserved 1048576K
}
Event: 27.211 GC heap before
{Heap before GC invocations=21 (full 0):
 garbage-first heap   total 336896K, used 127488K [0x0000000080000000, 0x0000000100000000)
  region size 1024K, 48 young (49152K), 12 survivors (12288K)
 Metaspace       used 98167K, capacity 100240K, committed 100328K, reserved 1136640K
  class space    used 12249K, capacity 13045K, committed 13056K, reserved 1048576K
}
Event: 27.229 GC heap after
{Heap after GC invocations=22 (full 0):
 garbage-first heap   total 336896K, used 95744K [0x0000000080000000, 0x0000000100000000)
  region size 1024K, 11 young (11264K), 11 survivors (11264K)
 Metaspace       used 98167K, capacity 100240K, committed 100328K, reserved 1136640K
  class space    used 12249K, capacity 13045K, committed 13056K, reserved 1048576K
}
Event: 31.115 GC heap before
{Heap before GC invocations=23 (full 0):
 garbage-first heap   total 336896K, used 247296K [0x0000000080000000, 0x0000000100000000)
  region size 1024K, 163 young (166912K), 11 survivors (11264K)
 Metaspace       used 115814K, capacity 118669K, committed 118708K, reserved 1153024K
  class space    used 14542K, capacity 15609K, committed 15616K, reserved 1048576K
}
Event: 31.152 GC heap after
{Heap after GC invocations=24 (full 0):
 garbage-first heap   total 336896K, used 97892K [0x0000000080000000, 0x0000000100000000)
  region size 1024K, 20 young (20480K), 20 survivors (20480K)
 Metaspace       used 115814K, capacity 118669K, committed 118708K, reserved 1153024K
  class space    used 14542K, capacity 15609K, committed 15616K, reserved 1048576K
}

Deoptimization events (20 events):
Event: 33.467 Thread 0x000001f846de3800 DEOPT PACKING pc=0x000001f82d7983cc sp=0x000000c8336ff2b0
Event: 33.467 Thread 0x000001f846de3800 DEOPT UNPACKING pc=0x000001f82c906dde sp=0x000000c8336fe8c0 mode 0
Event: 33.467 Thread 0x000001f846de5800 DEOPT PACKING pc=0x000001f82d7983cc sp=0x000000c8338fefe0
Event: 33.467 Thread 0x000001f846de5800 DEOPT UNPACKING pc=0x000001f82c906dde sp=0x000000c8338fe5f0 mode 0
Event: 33.474 Thread 0x000001f843c8e000 Uncommon trap: trap_request=0xffffff4d fr.pc=0x000001f83489d2d8 relative=0x0000000000000218
Event: 33.474 Thread 0x000001f843c8e000 Uncommon trap: reason=unstable_if action=reinterpret pc=0x000001f83489d2d8 method=org.gradle.internal.util.Trie.find(Ljava/lang/CharSequence;)Z @ 91 c2
Event: 33.474 Thread 0x000001f843c8e000 DEOPT PACKING pc=0x000001f83489d2d8 sp=0x000000c8320fb820
Event: 33.474 Thread 0x000001f843c8e000 DEOPT UNPACKING pc=0x000001f82c90662f sp=0x000000c8320fb788 mode 2
Event: 33.482 Thread 0x000001f8473d4800 Uncommon trap: trap_request=0xffffffde fr.pc=0x000001f834773978 relative=0x0000000000000ad8
Event: 33.482 Thread 0x000001f8473d4800 Uncommon trap: reason=class_check action=maybe_recompile pc=0x000001f834773978 method=java.lang.ThreadLocal.setInitialValue()Ljava/lang/Object; @ 31 c2
Event: 33.482 Thread 0x000001f8473d4800 DEOPT PACKING pc=0x000001f834773978 sp=0x000000c8336fe520
Event: 33.482 Thread 0x000001f8473d4800 DEOPT UNPACKING pc=0x000001f82c90662f sp=0x000000c8336fe470 mode 2
Event: 33.534 Thread 0x000001f8473d4000 DEOPT PACKING pc=0x000001f82d92794c sp=0x000000c833ffec70
Event: 33.534 Thread 0x000001f8473d4000 DEOPT UNPACKING pc=0x000001f82c906dde sp=0x000000c833ffe1a8 mode 0
Event: 33.534 Thread 0x000001f8473d4000 Uncommon trap: trap_request=0xffffff4d fr.pc=0x000001f83441c364 relative=0x0000000000000dc4
Event: 33.535 Thread 0x000001f8473d4000 Uncommon trap: reason=unstable_if action=reinterpret pc=0x000001f83441c364 method=java.io.BufferedReader.readLine(Z)Ljava/lang/String; @ 192 c2
Event: 33.535 Thread 0x000001f8473d4000 DEOPT PACKING pc=0x000001f83441c364 sp=0x000000c833ffeef0
Event: 33.535 Thread 0x000001f8473d4000 DEOPT UNPACKING pc=0x000001f82c90662f sp=0x000000c833ffeea8 mode 2
Event: 33.541 Thread 0x000001f8473d0800 DEOPT PACKING pc=0x000001f82d92794c sp=0x000000c833efeca0
Event: 33.541 Thread 0x000001f8473d0800 DEOPT UNPACKING pc=0x000001f82c906dde sp=0x000000c833efe1d8 mode 0

Classes redefined (0 events):
No events

Internal exceptions (20 events):
Event: 30.937 Thread 0x000001f846de6800 Exception <a 'java/lang/NoSuchMethodError'{0x000000008ad21fb8}: 'void java.lang.invoke.DirectMethodHandle$Holder.invokeVirtual(java.lang.Object, java.lang.Object, int)'> (0x000000008ad21fb8) thrown at [./src/hotspot/share/interpreter/linkResolver.cpp, line 773]
Event: 30.948 Thread 0x000001f846de6800 Exception <a 'sun/nio/fs/WindowsException'{0x000000008ada5060}> (0x000000008ada5060) thrown at [./src/hotspot/share/prims/jni.cpp, line 615]
Event: 31.674 Thread 0x000001f846de6800 Exception <a 'sun/nio/fs/WindowsException'{0x000000009484c880}> (0x000000009484c880) thrown at [./src/hotspot/share/prims/jni.cpp, line 615]
Event: 31.709 Thread 0x000001f846de6800 Exception <a 'sun/nio/fs/WindowsException'{0x0000000093ca4ec8}> (0x0000000093ca4ec8) thrown at [./src/hotspot/share/prims/jni.cpp, line 615]
Event: 31.816 Thread 0x000001f846de6800 Exception <a 'sun/nio/fs/WindowsException'{0x000000009386b668}> (0x000000009386b668) thrown at [./src/hotspot/share/prims/jni.cpp, line 615]
Event: 31.949 Thread 0x000001f8473ce000 Exception <a 'sun/nio/fs/WindowsException'{0x00000000930ee180}> (0x00000000930ee180) thrown at [./src/hotspot/share/prims/jni.cpp, line 615]
Event: 31.976 Thread 0x000001f8473ce000 Exception <a 'sun/nio/fs/WindowsException'{0x0000000092f90f50}> (0x0000000092f90f50) thrown at [./src/hotspot/share/prims/jni.cpp, line 615]
Event: 32.156 Thread 0x000001f846de6800 Exception <a 'sun/nio/fs/WindowsException'{0x00000000924f9128}> (0x00000000924f9128) thrown at [./src/hotspot/share/prims/jni.cpp, line 615]
Event: 32.169 Thread 0x000001f8473ce000 Exception <a 'sun/nio/fs/WindowsException'{0x0000000092f9a818}> (0x0000000092f9a818) thrown at [./src/hotspot/share/prims/jni.cpp, line 615]
Event: 32.174 Thread 0x000001f846de6800 Exception <a 'sun/nio/fs/WindowsException'{0x0000000092310ab8}> (0x0000000092310ab8) thrown at [./src/hotspot/share/prims/jni.cpp, line 615]
Event: 32.180 Thread 0x000001f8473ce000 Exception <a 'sun/nio/fs/WindowsException'{0x0000000092386560}> (0x0000000092386560) thrown at [./src/hotspot/share/prims/jni.cpp, line 615]
Event: 32.193 Thread 0x000001f846de6800 Exception <a 'sun/nio/fs/WindowsException'{0x000000009222dca0}> (0x000000009222dca0) thrown at [./src/hotspot/share/prims/jni.cpp, line 615]
Event: 32.446 Thread 0x000001f8473d3000 Exception <a 'sun/nio/fs/WindowsException'{0x0000000091d08710}> (0x0000000091d08710) thrown at [./src/hotspot/share/prims/jni.cpp, line 615]
Event: 32.451 Thread 0x000001f8473d3000 Implicit null exception at 0x000001f834b1d868 to 0x000001f834b1f1bc
Event: 32.507 Thread 0x000001f8473d3000 Exception <a 'java/lang/NoSuchMethodError'{0x000000009190d060}: 'java.lang.Object java.lang.invoke.DirectMethodHandle$Holder.invokeStatic(java.lang.Object, java.lang.Object, java.lang.Object, java.lang.Object, java.lang.Object, int, java.lang.Object)'> (0x000000009190d060) thrown at [./src/hotspot/share/interpreter/linkResolver.cpp, line 773]
Event: 32.549 Thread 0x000001f8473d3000 Exception <a 'java/lang/NoSuchMethodError'{0x00000000916f7400}: 'java.lang.Object java.lang.invoke.DirectMethodHandle$Holder.invokeStatic(java.lang.Object, java.lang.Object, java.lang.Object, java.lang.Object, java.lang.Object, java.lang.Object, java.lang.Object, int)'> (0x00000000916f7400) thrown at [./src/hotspot/share/interpreter/linkResolver.cpp, line 773]
Event: 32.549 Thread 0x000001f8473d3000 Exception <a 'java/lang/NoSuchMethodError'{0x00000000916fb838}: 'java.lang.Object java.lang.invoke.DirectMethodHandle$Holder.invokeSpecial(java.lang.Object, java.lang.Object, java.lang.Object, java.lang.Object, java.lang.Object, java.lang.Object, java.lang.Object, java.lang.Object, int)'> (0x00000000916fb838) thrown at [./src/hotspot/share/interpreter/linkResolver.cpp, line 773]
Event: 32.549 Thread 0x000001f8473d3000 Exception <a 'java/lang/NoSuchMethodError'{0x00000000916ff5f0}: 'java.lang.Object java.lang.invoke.Invokers$Holder.linkToTargetMethod(java.lang.Object, java.lang.Object, java.lang.Object, java.lang.Object, java.lang.Object, java.lang.Object, int, java.lang.Object)'> (0x00000000916ff5f0) thrown at [./src/hotspot/share/interpreter/linkResolver.cpp, line 773]
Event: 33.359 Thread 0x000001f8473d3000 Implicit null exception at 0x000001f8344ffbeb to 0x000001f8344ffc0c
Event: 33.482 Thread 0x000001f8473d4800 Exception <a 'sun/nio/fs/WindowsException'{0x000000009078c708}> (0x000000009078c708) thrown at [./src/hotspot/share/prims/jni.cpp, line 615]

Events (20 events):
Event: 33.540 loading class com/google/wireless/android/sdk/stats/UIActionStatsOrBuilder
Event: 33.540 loading class com/google/wireless/android/sdk/stats/UIActionStatsOrBuilder done
Event: 33.541 loading class com/google/wireless/android/sdk/stats/JvmDetailsOrBuilder
Event: 33.541 loading class com/google/wireless/android/sdk/stats/JvmDetailsOrBuilder done
Event: 33.541 loading class com/google/wireless/android/sdk/stats/LldbSessionEndDetailsOrBuilder
Event: 33.541 loading class com/google/wireless/android/sdk/stats/LldbSessionEndDetailsOrBuilder done
Event: 33.541 loading class com/google/common/io/Closeables
Event: 33.541 loading class com/google/common/io/Closeables done
Event: 33.541 loading class com/google/wireless/android/sdk/stats/AndroidProfilerEventOrBuilder
Event: 33.541 loading class com/google/wireless/android/sdk/stats/AndroidProfilerEventOrBuilder done
Event: 33.541 Executing VM operation: RevokeBias
Event: 33.541 Executing VM operation: RevokeBias done
Event: 33.541 Executing VM operation: RevokeBias
Event: 33.542 Executing VM operation: RevokeBias done
Event: 33.542 Executing VM operation: RevokeBias
Event: 33.542 Executing VM operation: RevokeBias done
Event: 33.542 Executing VM operation: RevokeBias
Event: 33.542 Executing VM operation: RevokeBias done
Event: 33.542 Thread 0x000001f8473d4000 Thread exited: 0x000001f8473d4000
Event: 33.542 Thread 0x000001f8473d0800 Thread exited: 0x000001f8473d0800


Dynamic libraries:
0x00007ff70a7b0000 - 0x00007ff70a7ba000 	E:\Android Studio\jre\bin\java.exe
0x00007ffdd2870000 - 0x00007ffdd2a65000 	C:\WINDOWS\SYSTEM32\ntdll.dll
0x00007ffdd1520000 - 0x00007ffdd15de000 	C:\WINDOWS\System32\KERNEL32.DLL
0x00007ffdd0040000 - 0x00007ffdd0308000 	C:\WINDOWS\System32\KERNELBASE.dll
0x00007ffdc1f70000 - 0x00007ffdc1f89000 	E:\Android Studio\jre\bin\jli.dll
0x00007ffdd0310000 - 0x00007ffdd0410000 	C:\WINDOWS\System32\ucrtbase.dll
0x00007ffdd18e0000 - 0x00007ffdd1a80000 	C:\WINDOWS\System32\USER32.dll
0x00007ffdbff70000 - 0x00007ffdbff87000 	E:\Android Studio\jre\bin\VCRUNTIME140.dll
0x00007ffdd0690000 - 0x00007ffdd06b2000 	C:\WINDOWS\System32\win32u.dll
0x00007ffdd0d30000 - 0x00007ffdd0d5a000 	C:\WINDOWS\System32\GDI32.dll
0x00007ffdd06c0000 - 0x00007ffdd07cb000 	C:\WINDOWS\System32\gdi32full.dll
0x00007ffdc3d70000 - 0x00007ffdc400a000 	C:\WINDOWS\WinSxS\amd64_microsoft.windows.common-controls_6595b64144ccf1df_6.0.19041.1110_none_60b5254171f9507e\COMCTL32.dll
0x00007ffdd1480000 - 0x00007ffdd151e000 	C:\WINDOWS\System32\msvcrt.dll
0x00007ffdd0460000 - 0x00007ffdd04fd000 	C:\WINDOWS\System32\msvcp_win.dll
0x00007ffdd1a80000 - 0x00007ffdd1ab0000 	C:\WINDOWS\System32\IMM32.DLL
0x00007ffda9a60000 - 0x00007ffda9afd000 	E:\Android Studio\jre\bin\msvcp140.dll
0x00007ffd8b830000 - 0x00007ffd8c305000 	E:\Android Studio\jre\bin\server\jvm.dll
0x00007ffdd1710000 - 0x00007ffdd17be000 	C:\WINDOWS\System32\ADVAPI32.dll
0x00007ffdd11b0000 - 0x00007ffdd124c000 	C:\WINDOWS\System32\sechost.dll
0x00007ffdd15e0000 - 0x00007ffdd1705000 	C:\WINDOWS\System32\RPCRT4.dll
0x00007ffdd0c40000 - 0x00007ffdd0c48000 	C:\WINDOWS\System32\PSAPI.DLL
0x00007ffdcbeb0000 - 0x00007ffdcbeb9000 	C:\WINDOWS\SYSTEM32\WSOCK32.dll
0x00007ffdbc120000 - 0x00007ffdbc147000 	C:\WINDOWS\SYSTEM32\WINMM.dll
0x00007ffdd1410000 - 0x00007ffdd147b000 	C:\WINDOWS\System32\WS2_32.dll
0x00007ffdc8fa0000 - 0x00007ffdc8faa000 	C:\WINDOWS\SYSTEM32\VERSION.dll
0x00007ffdcddf0000 - 0x00007ffdcde02000 	C:\WINDOWS\SYSTEM32\kernel.appcore.dll
0x00007ffdb8450000 - 0x00007ffdb8461000 	E:\Android Studio\jre\bin\verify.dll
0x00007ffdc7e20000 - 0x00007ffdc8004000 	C:\WINDOWS\SYSTEM32\DBGHELP.DLL
0x00007ffdc7b30000 - 0x00007ffdc7b5c000 	C:\WINDOWS\SYSTEM32\dbgcore.DLL
0x00007ffdd07d0000 - 0x00007ffdd0852000 	C:\WINDOWS\System32\bcryptPrimitives.dll
0x00007ffdb76e0000 - 0x00007ffdb7709000 	E:\Android Studio\jre\bin\java.dll
0x00007ffdc7330000 - 0x00007ffdc733b000 	E:\Android Studio\jre\bin\jimage.dll
0x00007ffdb4af0000 - 0x00007ffdb4b08000 	E:\Android Studio\jre\bin\zip.dll
0x00007ffdd1ab0000 - 0x00007ffdd21f4000 	C:\WINDOWS\System32\SHELL32.dll
0x00007ffdce0d0000 - 0x00007ffdce864000 	C:\WINDOWS\SYSTEM32\windows.storage.dll
0x00007ffdd0d60000 - 0x00007ffdd10b4000 	C:\WINDOWS\System32\combase.dll
0x00007ffdcf930000 - 0x00007ffdcf95c000 	C:\WINDOWS\SYSTEM32\Wldp.dll
0x00007ffdd0930000 - 0x00007ffdd09dd000 	C:\WINDOWS\System32\SHCORE.dll
0x00007ffdd1250000 - 0x00007ffdd12a5000 	C:\WINDOWS\System32\shlwapi.dll
0x00007ffdcfed0000 - 0x00007ffdcfeef000 	C:\WINDOWS\SYSTEM32\profapi.dll
0x00007ffdb3eb0000 - 0x00007ffdb3eca000 	E:\Android Studio\jre\bin\net.dll
0x00007ffdc67f0000 - 0x00007ffdc68fa000 	C:\WINDOWS\SYSTEM32\WINHTTP.dll
0x00007ffdcf690000 - 0x00007ffdcf6fa000 	C:\WINDOWS\system32\mswsock.dll
0x00007ffdb0b80000 - 0x00007ffdb0b94000 	E:\Android Studio\jre\bin\nio.dll
0x00007ffdc0010000 - 0x00007ffdc0037000 	C:\Users\Jaen\.gradle\native\8bec1ad78214c89d9ad589b4d07fe93259594b29d510b10fafb7a158f7737e5d\windows-amd64\native-platform.dll
0x00007ffda75e0000 - 0x00007ffda771d000 	C:\Users\Jaen\.gradle\native\53dbd7edfb1c66fb8903c78663c9afc45aea4f116125fa6feffd364cf09443e8\windows-amd64\native-platform-file-events.dll
0x00007ffdc4030000 - 0x00007ffdc403a000 	E:\Android Studio\jre\bin\management.dll
0x00007ffdc2e50000 - 0x00007ffdc2e5d000 	E:\Android Studio\jre\bin\management_ext.dll
0x00007ffdcf880000 - 0x00007ffdcf898000 	C:\WINDOWS\SYSTEM32\CRYPTSP.dll
0x00007ffdcf010000 - 0x00007ffdcf044000 	C:\WINDOWS\system32\rsaenh.dll
0x00007ffdd0660000 - 0x00007ffdd0687000 	C:\WINDOWS\System32\bcrypt.dll
0x00007ffdcfe90000 - 0x00007ffdcfebe000 	C:\WINDOWS\SYSTEM32\USERENV.dll
0x00007ffdcf8a0000 - 0x00007ffdcf8ac000 	C:\WINDOWS\SYSTEM32\CRYPTBASE.dll
0x00007ffdcf380000 - 0x00007ffdcf3bb000 	C:\WINDOWS\SYSTEM32\IPHLPAPI.DLL
0x00007ffdd23b0000 - 0x00007ffdd23b8000 	C:\WINDOWS\System32\NSI.dll
0x00007ffdc94c0000 - 0x00007ffdc94d7000 	C:\WINDOWS\SYSTEM32\dhcpcsvc6.DLL
0x00007ffdc9200000 - 0x00007ffdc921d000 	C:\WINDOWS\SYSTEM32\dhcpcsvc.DLL
0x00007ffdcf3c0000 - 0x00007ffdcf48b000 	C:\WINDOWS\SYSTEM32\DNSAPI.dll
0x00007ffdaf9e0000 - 0x00007ffdafa07000 	E:\Android Studio\jre\bin\sunec.dll

dbghelp: loaded successfully - version: 4.0.5 - missing functions: none
symbol engine: initialized successfully - sym options: 0x614 - pdb path: .;E:\Android Studio\jre\bin;C:\WINDOWS\SYSTEM32;C:\WINDOWS\WinSxS\amd64_microsoft.windows.common-controls_6595b64144ccf1df_6.0.19041.1110_none_60b5254171f9507e;E:\Android Studio\jre\bin\server;C:\Users\Jaen\.gradle\native\8bec1ad78214c89d9ad589b4d07fe93259594b29d510b10fafb7a158f7737e5d\windows-amd64;C:\Users\Jaen\.gradle\native\53dbd7edfb1c66fb8903c78663c9afc45aea4f116125fa6feffd364cf09443e8\windows-amd64

VM Arguments:
jvm_args: --add-opens=java.base/java.util=ALL-UNNAMED --add-opens=java.base/java.lang=ALL-UNNAMED --add-opens=java.base/java.lang.invoke=ALL-UNNAMED --add-opens=java.base/java.util=ALL-UNNAMED --add-opens=java.prefs/java.util.prefs=ALL-UNNAMED --add-opens=java.prefs/java.util.prefs=ALL-UNNAMED --add-opens=java.base/java.nio.charset=ALL-UNNAMED --add-opens=java.base/java.net=ALL-UNNAMED --add-opens=java.base/java.util.concurrent.atomic=ALL-UNNAMED -Xmx2048m -Dfile.encoding=UTF-8 -Duser.country=US -Duser.language=en -Duser.variant 
java_command: org.gradle.launcher.daemon.bootstrap.GradleDaemon 7.0.2
java_class_path (initial): C:\Users\Jaen\.gradle\wrapper\dists\gradle-7.0.2-bin\857tjihv64xamwrf0h14cai3r\gradle-7.0.2\lib\gradle-launcher-7.0.2.jar
Launcher Type: SUN_STANDARD

[Global flags]
     intx CICompilerCount                          = 2                                         {product} {ergonomic}
     uint ConcGCThreads                            = 1                                         {product} {ergonomic}
     uint G1ConcRefinementThreads                  = 2                                         {product} {ergonomic}
   size_t G1HeapRegionSize                         = 1048576                                   {product} {ergonomic}
    uintx GCDrainStackTargetSize                   = 64                                        {product} {ergonomic}
   size_t InitialHeapSize                          = 239075328                                 {product} {ergonomic}
   size_t MarkStackSize                            = 4194304                                   {product} {ergonomic}
   size_t MaxHeapSize                              = 2147483648                                {product} {command line}
   size_t MaxNewSize                               = 1287651328                                {product} {ergonomic}
   size_t MinHeapDeltaBytes                        = 1048576                                   {product} {ergonomic}
    uintx NonNMethodCodeHeapSize                   = 5825164                                {pd product} {ergonomic}
    uintx NonProfiledCodeHeapSize                  = 122916538                              {pd product} {ergonomic}
    uintx ProfiledCodeHeapSize                     = 122916538                              {pd product} {ergonomic}
    uintx ReservedCodeCacheSize                    = 251658240                              {pd product} {ergonomic}
     bool SegmentedCodeCache                       = true                                      {product} {ergonomic}
     bool UseCompressedClassPointers               = true                                 {lp64_product} {ergonomic}
     bool UseCompressedOops                        = true                                 {lp64_product} {ergonomic}
     bool UseG1GC                                  = true                                      {product} {ergonomic}
     bool UseLargePagesIndividualAllocation        = false                                  {pd product} {ergonomic}

Logging:
Log output configuration:
 #0: stdout all=warning uptime,level,tags
 #1: stderr all=off uptime,level,tags

Environment Variables:
PATH=C:\ProgramData\Oracle\Java\javapath;C:\Program Files\Common Files\Oracle\Java\javapath;C:\Program Files (x86)\Common Files\Oracle\Java\javapath;C:\Windows\system32;C:\Windows;C:\Windows\System32\Wbem;C:\Windows\System32\WindowsPowerShell\v1.0\;C:\Program Files (x86)\NVIDIA Corporation\PhysX\Common;C:\WINDOWS\system32;C:\WINDOWS;C:\WINDOWS\System32\Wbem;C:\WINDOWS\System32\WindowsPowerShell\v1.0\;C:\WINDOWS\System32\OpenSSH\;C:\ffmpeg\bin;E:\ffmpeg-20210804-65fdc0e589-win64-static;C:\Program Files\Git\cmd;E:\Program Files\NVIDIA Corporation\NVIDIA NvDLISR;C:\Users\Jaen\AppData\Local\Programs\Python\Python38-32\Scripts\;C:\Users\Jaen\AppData\Local\Programs\Python\Python38-32\;C:\Users\Jaen\AppData\Local\Microsoft\WindowsApps;
USERNAME=Jaen
OS=Windows_NT
PROCESSOR_IDENTIFIER=Intel64 Family 6 Model 158 Stepping 11, GenuineIntel



---------------  S Y S T E M  ---------------

OS: Windows 10 , 64 bit Build 19041 (10.0.19041.1645)
OS uptime: 11 days 13:08 hours

CPU:total 2 (initial active 2) (4 cores per cpu, 1 threads per core) family 6 model 158 stepping 11 microcode 0xb4, cmov, cx8, fxsr, mmx, sse, sse2, sse3, ssse3, sse4.1, sse4.2, popcnt, avx, avx2, aes, clmul, erms, 3dnowpref, lzcnt, tsc, tscinvbit, bmi1, bmi2, adx, fma

Memory: 4k page, system-wide physical 14540M (812M free)
TotalPageFile size 14540M (AvailPageFile size 11M)
current process WorkingSet (physical memory assigned to process): 614M, peak: 614M
current process commit charge ("private bytes"): 656M, peak: 656M

vm_info: OpenJDK 64-Bit Server VM (11.0.11+9-b60-7590822) for windows-amd64 JRE (11.0.11+9-b60-7590822), built on Jul 29 2021 21:43:44 by "builder" with MS VC++ 14.0 (VS2015)

END.
